#
# There is insufficient memory for the Java Runtime Environment to continue.
# Native memory allocation (mmap) failed to map 65011712 bytes for committing reserved memory.
# Possible reasons:
#   The system is out of physical RAM or swap space
#   In 32 bit mode, the process size limit was hit
# Possible solutions:
#   Reduce memory load on the system
#   Increase physical memory or swap space
#   Check if swap backing store is full
#   Use 64 bit Java on a 64 bit OS
#   Decrease Java heap size (-Xmx/-Xms)
#   Decrease number of Java threads
#   Decrease Java thread stack sizes (-Xss)
#   Set larger code cache with -XX:ReservedCodeCacheSize=
# This output file may be truncated or incomplete.
#
#  Out of Memory Error (os_linux.cpp:2627), pid=23736, tid=140190324115200
#
# JRE version: Java(TM) SE Runtime Environment (8.0_91-b14) (build 1.8.0_91-b14)
# Java VM: Java HotSpot(TM) 64-Bit Server VM (25.91-b14 mixed mode linux-amd64 compressed oops)
# Failed to write core dump. Core dumps have been disabled. To enable core dumping, try "ulimit -c unlimited" before starting Java again
#

---------------  T H R E A D  ---------------

Current thread (0x00007f80c8080000):  VMThread [stack: 0x00007f809a684000,0x00007f809a785000] [id=23781]

Stack: [0x00007f809a684000,0x00007f809a785000],  sp=0x00007f809a783320,  free space=1020k
Native frames: (J=compiled Java code, j=interpreted, Vv=VM code, C=native code)
V  [libjvm.so+0xabc18a]  VMError::report_and_die()+0x2ba
V  [libjvm.so+0x4fafeb]  report_vm_out_of_memory(char const*, int, unsigned long, VMErrorType, char const*)+0x8b
V  [libjvm.so+0x91cbb3]  os::Linux::commit_memory_impl(char*, unsigned long, bool)+0x103
V  [libjvm.so+0x91d109]  os::pd_commit_memory(char*, unsigned long, unsigned long, bool)+0x29
V  [libjvm.so+0x91740a]  os::commit_memory(char*, unsigned long, unsigned long, bool)+0x2a
V  [libjvm.so+0x98b033]  PSVirtualSpace::expand_by(unsigned long)+0x53
V  [libjvm.so+0x98c438]  PSYoungGen::resize_generation(unsigned long, unsigned long)+0xf8
V  [libjvm.so+0x98b592]  PSYoungGen::resize(unsigned long, unsigned long)+0x22
V  [libjvm.so+0x98886b]  PSScavenge::invoke_no_policy()+0xf3b
V  [libjvm.so+0x988ff1]  PSScavenge::invoke()+0x41
V  [libjvm.so+0x9408b0]  ParallelScavengeHeap::failed_mem_allocate(unsigned long)+0x70
V  [libjvm.so+0xabdba7]  VM_ParallelGCFailedAllocation::doit()+0x97
V  [libjvm.so+0xac55d5]  VM_Operation::evaluate()+0x55
V  [libjvm.so+0xac39aa]  VMThread::evaluate_operation(VM_Operation*)+0xba
V  [libjvm.so+0xac3d2e]  VMThread::loop()+0x1ce
V  [libjvm.so+0xac41a0]  VMThread::run()+0x70
V  [libjvm.so+0x91ef78]  java_start(Thread*)+0x108

VM_Operation (0x00007f8099523b70): ParallelGCFailedAllocation, mode: safepoint, requested by thread 0x00007f80c818b800


---------------  P R O C E S S  ---------------

Java Threads: ( => current thread )
  0x00007f80c818b800 JavaThread "pool-2-thread-4" [_thread_blocked, id=23836, stack(0x00007f8099425000,0x00007f8099526000)]
  0x00007f80c818a000 JavaThread "pool-2-thread-3" [_thread_blocked, id=23835, stack(0x00007f8099526000,0x00007f8099627000)]
  0x00007f80c8189000 JavaThread "pool-2-thread-2" [_thread_blocked, id=23834, stack(0x00007f8099627000,0x00007f8099728000)]
  0x00007f80c817d800 JavaThread "pool-3-thread-1" [_thread_blocked, id=23833, stack(0x00007f8099728000,0x00007f8099829000)]
  0x00007f80c817b000 JavaThread "pool-2-thread-1" [_thread_blocked, id=23832, stack(0x00007f8099829000,0x00007f809992a000)]
  0x00007f80c80ca800 JavaThread "Service Thread" daemon [_thread_blocked, id=23815, stack(0x00007f8099a44000,0x00007f8099b45000)]
  0x00007f80c80c7800 JavaThread "C1 CompilerThread3" daemon [_thread_blocked, id=23813, stack(0x00007f8099b45000,0x00007f8099c46000)]
  0x00007f80c80c5800 JavaThread "C2 CompilerThread2" daemon [_thread_blocked, id=23811, stack(0x00007f8099c46000,0x00007f8099d47000)]
  0x00007f80c80c4000 JavaThread "C2 CompilerThread1" daemon [_thread_blocked, id=23802, stack(0x00007f8099d47000,0x00007f8099e48000)]
  0x00007f80c80c1000 JavaThread "C2 CompilerThread0" daemon [_thread_blocked, id=23801, stack(0x00007f8099e48000,0x00007f8099f49000)]
  0x00007f80c80bf800 JavaThread "Signal Dispatcher" daemon [_thread_blocked, id=23800, stack(0x00007f8099f49000,0x00007f809a04a000)]
  0x00007f80c808c800 JavaThread "Finalizer" daemon [_thread_blocked, id=23789, stack(0x00007f809a482000,0x00007f809a583000)]
  0x00007f80c8087800 JavaThread "Reference Handler" daemon [_thread_blocked, id=23787, stack(0x00007f809a583000,0x00007f809a684000)]
  0x00007f80c800a000 JavaThread "main" [_thread_blocked, id=23743, stack(0x00007f80d1dcd000,0x00007f80d1ece000)]

Other Threads:
=>0x00007f80c8080000 VMThread [stack: 0x00007f809a684000,0x00007f809a785000] [id=23781]
  0x00007f80c80cd800 WatcherThread [stack: 0x00007f8099943000,0x00007f8099a44000] [id=23816]

VM state:at safepoint (normal execution)

VM Mutex/Monitor currently owned by a thread:  ([mutex/lock_event])
[0x00007f80c80065b0] Threads_lock - owner thread: 0x00007f80c8080000
[0x00007f80c8006ab0] Heap_lock - owner thread: 0x00007f80c818b800

Heap:
 PSYoungGen      total 68608K, used 5104K [0x00000000eab00000, 0x00000000ef300000, 0x0000000100000000)
  eden space 63488K, 0% used [0x00000000eab00000,0x00000000eab00000,0x00000000ee900000)
  from space 5120K, 99% used [0x00000000ee900000,0x00000000eedfc098,0x00000000eee00000)
  to   space 5120K, 0% used [0x00000000eee00000,0x00000000eee00000,0x00000000ef300000)
 ParOldGen       total 84992K, used 14454K [0x00000000c0000000, 0x00000000c5300000, 0x00000000eab00000)
  object space 84992K, 17% used [0x00000000c0000000,0x00000000c0e1d8d0,0x00000000c5300000)
 Metaspace       used 6137K, capacity 7064K, committed 7424K, reserved 1056768K
  class space    used 617K, capacity 656K, committed 768K, reserved 1048576K

Card table byte_map: [0x00007f80ce982000,0x00007f80ceb83000] byte_map_base: 0x00007f80ce382000

Marking Bits: (ParMarkBitMap*) 0x00007f80d12a1d60
 Begin Bits: [0x00007f80cc024000, 0x00007f80cd024000)
 End Bits:   [0x00007f80cd024000, 0x00007f80ce024000)

Polling page: 0x00007f80d1ef1000

CodeCache: size=245760Kb used=4945Kb max_used=4964Kb free=240814Kb
 bounds [0x00007f80b9000000, 0x00007f80b94e0000, 0x00007f80c8000000]
 total_blobs=1599 nmethods=1331 adapters=182
 compilation: enabled

Compilation events (10 events):
Event: 2,786 Thread 0x00007f80c80c7800 nmethod 1419 0x00007f80b94d1b90 code [0x00007f80b94d1ce0, 0x00007f80b94d1e50]
Event: 2,786 Thread 0x00007f80c80c7800 1421       2       com.android.dx.ssa.back.FirstFitLocalCombiningAllocator::analyzeInstructions (16 bytes)
Event: 2,786 Thread 0x00007f80c80c4000 nmethod 1166 0x00007f80b94d1ed0 code [0x00007f80b94d2520, 0x00007f80b94d5660]
Event: 2,786 Thread 0x00007f80c80c4000 1362       4       com.android.dx.ssa.SsaInsn::<init> (29 bytes)
Event: 2,786 Thread 0x00007f80c80c7800 nmethod 1421 0x00007f80b94bdf50 code [0x00007f80b94be0c0, 0x00007f80b94be2a8]
Event: 2,786 Thread 0x00007f80c80c7800 1445       2       com.android.dx.rop.type.Type::internClassName (56 bytes)
Event: 2,787 Thread 0x00007f80c80c7800 nmethod 1445 0x00007f80b94c2750 code [0x00007f80b94c2940, 0x00007f80b94c2e78]
Event: 2,787 Thread 0x00007f80c80c7800 1424       2       com.android.dx.cf.code.ConcreteMethod::<init> (21 bytes)
Event: 2,787 Thread 0x00007f80c80c5800 nmethod 1388 0x00007f80b94da750 code [0x00007f80b94daac0, 0x00007f80b94dca18]
Event: 2,787 Thread 0x00007f80c80c5800 1394       4       java.util.HashMap::newNode (13 bytes)

GC Heap History (5 events):
Event: 1,073 GC heap before
{Heap before GC invocations=1 (full 0):
 PSYoungGen      total 36864K, used 31744K [0x00000000eab00000, 0x00000000ed400000, 0x0000000100000000)
  eden space 31744K, 100% used [0x00000000eab00000,0x00000000eca00000,0x00000000eca00000)
  from space 5120K, 0% used [0x00000000ecf00000,0x00000000ecf00000,0x00000000ed400000)
  to   space 5120K, 0% used [0x00000000eca00000,0x00000000eca00000,0x00000000ecf00000)
 ParOldGen       total 84992K, used 0K [0x00000000c0000000, 0x00000000c5300000, 0x00000000eab00000)
  object space 84992K, 0% used [0x00000000c0000000,0x00000000c0000000,0x00000000c5300000)
 Metaspace       used 5827K, capacity 6832K, committed 7040K, reserved 1056768K
  class space    used 596K, capacity 616K, committed 640K, reserved 1048576K
Event: 1,116 GC heap after
Heap after GC invocations=1 (full 0):
 PSYoungGen      total 36864K, used 5115K [0x00000000eab00000, 0x00000000ef300000, 0x0000000100000000)
  eden space 31744K, 0% used [0x00000000eab00000,0x00000000eab00000,0x00000000eca00000)
  from space 5120K, 99% used [0x00000000eca00000,0x00000000ecefef68,0x00000000ecf00000)
  to   space 5120K, 0% used [0x00000000eee00000,0x00000000eee00000,0x00000000ef300000)
 ParOldGen       total 84992K, used 1279K [0x00000000c0000000, 0x00000000c5300000, 0x00000000eab00000)
  object space 84992K, 1% used [0x00000000c0000000,0x00000000c013fed8,0x00000000c5300000)
 Metaspace       used 5827K, capacity 6832K, committed 7040K, reserved 1056768K
  class space    used 596K, capacity 616K, committed 640K, reserved 1048576K
}
Event: 1,533 GC heap before
{Heap before GC invocations=2 (full 0):
 PSYoungGen      total 36864K, used 36859K [0x00000000eab00000, 0x00000000ef300000, 0x0000000100000000)
  eden space 31744K, 100% used [0x00000000eab00000,0x00000000eca00000,0x00000000eca00000)
  from space 5120K, 99% used [0x00000000eca00000,0x00000000ecefef68,0x00000000ecf00000)
  to   space 5120K, 0% used [0x00000000eee00000,0x00000000eee00000,0x00000000ef300000)
 ParOldGen       total 84992K, used 1279K [0x00000000c0000000, 0x00000000c5300000, 0x00000000eab00000)
  object space 84992K, 1% used [0x00000000c0000000,0x00000000c013fed8,0x00000000c5300000)
 Metaspace       used 5893K, capacity 6832K, committed 7040K, reserved 1056768K
  class space    used 596K, capacity 616K, committed 640K, reserved 1048576K
Event: 1,594 GC heap after
Heap after GC invocations=2 (full 0):
 PSYoungGen      total 68608K, used 5106K [0x00000000eab00000, 0x00000000ef300000, 0x0000000100000000)
  eden space 63488K, 0% used [0x00000000eab00000,0x00000000eab00000,0x00000000ee900000)
  from space 5120K, 99% used [0x00000000eee00000,0x00000000ef2fc820,0x00000000ef300000)
  to   space 5120K, 0% used [0x00000000ee900000,0x00000000ee900000,0x00000000eee00000)
 ParOldGen       total 84992K, used 5240K [0x00000000c0000000, 0x00000000c5300000, 0x00000000eab00000)
  object space 84992K, 6% used [0x00000000c0000000,0x00000000c051e208,0x00000000c5300000)
 Metaspace       used 5893K, capacity 6832K, committed 7040K, reserved 1056768K
  class space    used 596K, capacity 616K, committed 640K, reserved 1048576K
}
Event: 2,830 GC heap before
{Heap before GC invocations=3 (full 0):
 PSYoungGen      total 68608K, used 68594K [0x00000000eab00000, 0x00000000ef300000, 0x0000000100000000)
  eden space 63488K, 100% used [0x00000000eab00000,0x00000000ee900000,0x00000000ee900000)
  from space 5120K, 99% used [0x00000000eee00000,0x00000000ef2fc820,0x00000000ef300000)
  to   space 5120K, 0% used [0x00000000ee900000,0x00000000ee900000,0x00000000eee00000)
 ParOldGen       total 84992K, used 5240K [0x00000000c0000000, 0x00000000c5300000, 0x00000000eab00000)
  object space 84992K, 6% used [0x00000000c0000000,0x00000000c051e208,0x00000000c5300000)
 Metaspace       used 6137K, capacity 7064K, committed 7424K, reserved 1056768K
  class space    used 617K, capacity 656K, committed 768K, reserved 1048576K

Deoptimization events (10 events):
Event: 0,225 Thread 0x00007f80c800a000 Uncommon trap: reason=unstable_if action=reinterpret pc=0x00007f80b914db50 method=java.lang.String.indexOf(II)I @ 49
Event: 0,454 Thread 0x00007f80c818b800 Uncommon trap: reason=unstable_if action=reinterpret pc=0x00007f80b91fb0bc method=java.util.HashMap.getNode(ILjava/lang/Object;)Ljava/util/HashMap$Node; @ 62
Event: 1,139 Thread 0x00007f80c800a000 Uncommon trap: reason=null_check action=make_not_entrant pc=0x00007f80b92d044c method=com.android.dx.ssa.SsaRenamer.getLocalForNewReg(I)Lcom/android/dx/rop/code/LocalItem; @ 19
Event: 1,242 Thread 0x00007f80c817b000 Uncommon trap: reason=unstable_if action=reinterpret pc=0x00007f80b9218bdc method=com.android.dx.rop.cst.Constant.compareTo(Lcom/android/dx/rop/cst/Constant;)I @ 12
Event: 1,599 Thread 0x00007f80c818a000 Uncommon trap: reason=unstable_if action=reinterpret pc=0x00007f80b92e2d50 method=java.util.HashMap.putVal(ILjava/lang/Object;Ljava/lang/Object;ZZ)Ljava/lang/Object; @ 162
Event: 1,647 Thread 0x00007f80c818a000 Uncommon trap: reason=unstable_if action=reinterpret pc=0x00007f80b9208a38 method=java.util.HashMap.getNode(ILjava/lang/Object;)Ljava/util/HashMap$Node; @ 84
Event: 1,689 Thread 0x00007f80c818a000 Uncommon trap: reason=unstable_if action=reinterpret pc=0x00007f80b92341b4 method=java.util.HashMap.getNode(ILjava/lang/Object;)Ljava/util/HashMap$Node; @ 84
Event: 1,873 Thread 0x00007f80c818b800 Uncommon trap: reason=unstable_if action=reinterpret pc=0x00007f80b936c004 method=com.android.dx.util.IntList.binarysearch(I)I @ 105
Event: 1,993 Thread 0x00007f80c817b000 Uncommon trap: reason=unstable_if action=reinterpret pc=0x00007f80b93676fc method=com.android.dx.ssa.SsaMethod.updateOneDefinition(Lcom/android/dx/ssa/SsaInsn;Lcom/android/dx/rop/code/RegisterSpec;)V @ 4
Event: 2,031 Thread 0x00007f80c800a000 Uncommon trap: reason=unstable_if action=reinterpret pc=0x00007f80b923e2e4 method=com.android.dx.rop.code.RegisterSpec.equals(ILcom/android/dx/rop/type/TypeBearer;Lcom/android/dx/rop/code/LocalItem;)Z @ 42

Internal exceptions (6 events):
Event: 0,026 Thread 0x00007f80c800a000 Exception <a 'java/lang/NoSuchMethodError': Method sun.misc.Unsafe.defineClass(Ljava/lang/String;[BII)Ljava/lang/Class; name or signature does not match> (0x00000000eab07cc0) thrown at [/HUDSON/workspace/8-2-build-linux-amd64/jdk8u91/6644/hotspot/src/shar
Event: 0,026 Thread 0x00007f80c800a000 Exception <a 'java/lang/NoSuchMethodError': Method sun.misc.Unsafe.prefetchRead(Ljava/lang/Object;J)V name or signature does not match> (0x00000000eab07fa8) thrown at [/HUDSON/workspace/8-2-build-linux-amd64/jdk8u91/6644/hotspot/src/share/vm/prims/jni.cpp
Event: 1,139 Thread 0x00007f80c800a000 Implicit null exception at 0x00007f80b92cd37d to 0x00007f80b92d0409
Event: 1,645 Thread 0x00007f80c818a000 Exception <a 'java/lang/ArrayIndexOutOfBoundsException': 18> (0x00000000eab7d588) thrown at [/HUDSON/workspace/8-2-build-linux-amd64/jdk8u91/6644/hotspot/src/share/vm/interpreter/interpreterRuntime.cpp, line 366]
Event: 1,645 Thread 0x00007f80c818a000 Exception <a 'java/lang/ArrayIndexOutOfBoundsException': 145> (0x00000000eab7f108) thrown at [/HUDSON/workspace/8-2-build-linux-amd64/jdk8u91/6644/hotspot/src/share/vm/interpreter/interpreterRuntime.cpp, line 366]
Event: 1,647 Thread 0x00007f80c818a000 Exception <a 'java/lang/ArrayIndexOutOfBoundsException': 40> (0x00000000eab803f0) thrown at [/HUDSON/workspace/8-2-build-linux-amd64/jdk8u91/6644/hotspot/src/share/vm/interpreter/interpreterRuntime.cpp, line 366]

Events (10 events):
Event: 2,048 Thread 0x00007f80c817b000 DEOPT UNPACKING pc=0x00007f80b9047633 sp=0x00007f8099927da0 mode 0
Event: 2,110 Thread 0x00007f80c800a000 DEOPT PACKING pc=0x00007f80b93a63ac sp=0x00007f80d1ecb9c0
Event: 2,110 Thread 0x00007f80c800a000 DEOPT UNPACKING pc=0x00007f80b9047633 sp=0x00007f80d1ecb6d0 mode 0
Event: 2,111 Thread 0x00007f80c818a000 DEOPT PACKING pc=0x00007f80b93eb03d sp=0x00007f8099624c00
Event: 2,111 Thread 0x00007f80c818a000 DEOPT UNPACKING pc=0x00007f80b9047633 sp=0x00007f8099624a68 mode 0
Event: 2,255 Thread 0x00007f80c818a000 DEOPT PACKING pc=0x00007f80b93faed7 sp=0x00007f8099624eb0
Event: 2,255 Thread 0x00007f80c818a000 DEOPT UNPACKING pc=0x00007f80b9047633 sp=0x00007f8099624d18 mode 0
Event: 2,740 Thread 0x00007f80c818b800 DEOPT PACKING pc=0x00007f80b93a63ac sp=0x00007f8099523e30
Event: 2,740 Thread 0x00007f80c818b800 DEOPT UNPACKING pc=0x00007f80b9047633 sp=0x00007f8099523b30 mode 0
Event: 2,790 Executing VM operation: ParallelGCFailedAllocation


Dynamic libraries:
00400000-00401000 r-xp 00000000 08:01 9839507                            /usr/lib/jvm/java-8-oracle/bin/java
00600000-00601000 rw-p 00000000 08:01 9839507                            /usr/lib/jvm/java-8-oracle/bin/java
01545000-01566000 rw-p 00000000 00:00 0                                  [heap]
c0000000-c5300000 rw-p 00000000 00:00 0 
c5300000-eab00000 ---p 00000000 00:00 0 
eab00000-ef300000 rw-p 00000000 00:00 0 
f3100000-100000000 ---p 00000000 00:00 0 
100000000-1000c0000 rw-p 00000000 00:00 0 
1000c0000-140000000 ---p 00000000 00:00 0 
7f8058000000-7f8058021000 rw-p 00000000 00:00 0 
7f8058021000-7f805c000000 ---p 00000000 00:00 0 
7f805c000000-7f805c022000 rw-p 00000000 00:00 0 
7f805c022000-7f8060000000 ---p 00000000 00:00 0 
7f8060000000-7f8060021000 rw-p 00000000 00:00 0 
7f8060021000-7f8064000000 ---p 00000000 00:00 0 
7f8064000000-7f8064021000 rw-p 00000000 00:00 0 
7f8064021000-7f8068000000 ---p 00000000 00:00 0 
7f8068000000-7f8068021000 rw-p 00000000 00:00 0 
7f8068021000-7f806c000000 ---p 00000000 00:00 0 
7f806c000000-7f806c025000 rw-p 00000000 00:00 0 
7f806c025000-7f8070000000 ---p 00000000 00:00 0 
7f8070000000-7f8070629000 rw-p 00000000 00:00 0 
7f8070629000-7f8074000000 ---p 00000000 00:00 0 
7f8074000000-7f8074021000 rw-p 00000000 00:00 0 
7f8074021000-7f8078000000 ---p 00000000 00:00 0 
7f8078000000-7f807855d000 rw-p 00000000 00:00 0 
7f807855d000-7f807c000000 ---p 00000000 00:00 0 
7f807c000000-7f807c442000 rw-p 00000000 00:00 0 
7f807c442000-7f8080000000 ---p 00000000 00:00 0 
7f8080000000-7f8080021000 rw-p 00000000 00:00 0 
7f8080021000-7f8084000000 ---p 00000000 00:00 0 
7f8084000000-7f808455e000 rw-p 00000000 00:00 0 
7f808455e000-7f8088000000 ---p 00000000 00:00 0 
7f8088000000-7f8088021000 rw-p 00000000 00:00 0 
7f8088021000-7f808c000000 ---p 00000000 00:00 0 
7f808c000000-7f808c021000 rw-p 00000000 00:00 0 
7f808c021000-7f8090000000 ---p 00000000 00:00 0 
7f8090000000-7f809028f000 rw-p 00000000 00:00 0 
7f809028f000-7f8094000000 ---p 00000000 00:00 0 
7f8094000000-7f8094021000 rw-p 00000000 00:00 0 
7f8094021000-7f8098000000 ---p 00000000 00:00 0 
7f8099408000-7f8099425000 r--p 00000000 08:01 11012338                   /usr/share/locale-langpack/tr/LC_MESSAGES/libc.mo
7f8099425000-7f8099428000 ---p 00000000 00:00 0 
7f8099428000-7f8099526000 rw-p 00000000 00:00 0 
7f8099526000-7f8099529000 ---p 00000000 00:00 0 
7f8099529000-7f8099627000 rw-p 00000000 00:00 0 
7f8099627000-7f809962a000 ---p 00000000 00:00 0 
7f809962a000-7f8099728000 rw-p 00000000 00:00 0 
7f8099728000-7f809972b000 ---p 00000000 00:00 0 
7f809972b000-7f8099829000 rw-p 00000000 00:00 0 
7f8099829000-7f809982c000 ---p 00000000 00:00 0 
7f809982c000-7f809992a000 rw-p 00000000 00:00 0 
7f809992a000-7f8099934000 r--s 00085000 08:01 5515028                    /home/oguz/AndroidStudioProjects/FomApplicationAndroid-master/app/build/intermediates/exploded-aar/com.android.support/appcompat-v7/22.2.0/jars/classes.jar
7f8099934000-7f8099943000 r--s 000df000 08:01 5246091                    /home/oguz/Android/Sdk/build-tools/23.0.3/lib/dx.jar
7f8099943000-7f8099944000 ---p 00000000 00:00 0 
7f8099944000-7f8099a44000 rw-p 00000000 00:00 0 
7f8099a44000-7f8099a47000 ---p 00000000 00:00 0 
7f8099a47000-7f8099b45000 rw-p 00000000 00:00 0 
7f8099b45000-7f8099b48000 ---p 00000000 00:00 0 
7f8099b48000-7f8099c46000 rw-p 00000000 00:00 0 
7f8099c46000-7f8099c49000 ---p 00000000 00:00 0 
7f8099c49000-7f8099d47000 rw-p 00000000 00:00 0 
7f8099d47000-7f8099d4a000 ---p 00000000 00:00 0 
7f8099d4a000-7f8099e48000 rw-p 00000000 00:00 0 
7f8099e48000-7f8099e4b000 ---p 00000000 00:00 0 
7f8099e4b000-7f8099f49000 rw-p 00000000 00:00 0 
7f8099f49000-7f8099f4c000 ---p 00000000 00:00 0 
7f8099f4c000-7f809a04a000 rw-p 00000000 00:00 0 
7f809a04a000-7f809a482000 r--p 00000000 08:01 9700768                    /usr/lib/locale/locale-archive
7f809a482000-7f809a485000 ---p 00000000 00:00 0 
7f809a485000-7f809a583000 rw-p 00000000 00:00 0 
7f809a583000-7f809a586000 ---p 00000000 00:00 0 
7f809a586000-7f809a684000 rw-p 00000000 00:00 0 
7f809a684000-7f809a685000 ---p 00000000 00:00 0 
7f809a685000-7f809c000000 rw-p 00000000 00:00 0 
7f809c000000-7f809c021000 rw-p 00000000 00:00 0 
7f809c021000-7f80a0000000 ---p 00000000 00:00 0 
7f80a0000000-7f80a0021000 rw-p 00000000 00:00 0 
7f80a0021000-7f80a4000000 ---p 00000000 00:00 0 
7f80a4000000-7f80a4021000 rw-p 00000000 00:00 0 
7f80a4021000-7f80a8000000 ---p 00000000 00:00 0 
7f80a8000000-7f80a8021000 rw-p 00000000 00:00 0 
7f80a8021000-7f80ac000000 ---p 00000000 00:00 0 
7f80ac000000-7f80ac021000 rw-p 00000000 00:00 0 
7f80ac021000-7f80b0000000 ---p 00000000 00:00 0 
7f80b0000000-7f80b0021000 rw-p 00000000 00:00 0 
7f80b0021000-7f80b4000000 ---p 00000000 00:00 0 
7f80b4000000-7f80b4021000 rw-p 00000000 00:00 0 
7f80b4021000-7f80b8000000 ---p 00000000 00:00 0 
7f80b8002000-7f80b8009000 r--s 00000000 08:01 10092992                   /usr/lib/x86_64-linux-gnu/gconv/gconv-modules.cache
7f80b8009000-7f80b83b1000 rw-p 00000000 00:00 0 
7f80b83b1000-7f80b858a000 r--s 03d1f000 08:01 9967487                    /usr/lib/jvm/java-8-oracle/jre/lib/rt.jar
7f80b858a000-7f80b8c80000 rw-p 00000000 00:00 0 
7f80b8c80000-7f80b8e00000 ---p 00000000 00:00 0 
7f80b8e00000-7f80b9000000 rw-p 00000000 00:00 0 
7f80b9000000-7f80b94e0000 rwxp 00000000 00:00 0 
7f80b94e0000-7f80c8000000 ---p 00000000 00:00 0 
7f80c8000000-7f80c83a2000 rw-p 00000000 00:00 0 
7f80c83a2000-7f80cc000000 ---p 00000000 00:00 0 
7f80cc003000-7f80ce024000 rw-p 00000000 00:00 0 
7f80ce024000-7f80ce025000 ---p 00000000 00:00 0 
7f80ce025000-7f80ce125000 rw-p 00000000 00:00 0 
7f80ce125000-7f80ce126000 ---p 00000000 00:00 0 
7f80ce126000-7f80ce226000 rw-p 00000000 00:00 0 
7f80ce226000-7f80ce227000 ---p 00000000 00:00 0 
7f80ce227000-7f80ce327000 rw-p 00000000 00:00 0 
7f80ce327000-7f80ce328000 ---p 00000000 00:00 0 
7f80ce328000-7f80ce428000 rw-p 00000000 00:00 0 
7f80ce428000-7f80ce429000 ---p 00000000 00:00 0 
7f80ce429000-7f80ce529000 rw-p 00000000 00:00 0 
7f80ce529000-7f80ce52a000 ---p 00000000 00:00 0 
7f80ce52a000-7f80ce62a000 rw-p 00000000 00:00 0 
7f80ce62a000-7f80ce62b000 ---p 00000000 00:00 0 
7f80ce62b000-7f80ce72b000 rw-p 00000000 00:00 0 
7f80ce72b000-7f80ce72c000 ---p 00000000 00:00 0 
7f80ce72c000-7f80ce856000 rw-p 00000000 00:00 0 
7f80ce856000-7f80ce982000 ---p 00000000 00:00 0 
7f80ce982000-7f80ce9ac000 rw-p 00000000 00:00 0 
7f80ce9ac000-7f80cead7000 ---p 00000000 00:00 0 
7f80cead7000-7f80ceafc000 rw-p 00000000 00:00 0 
7f80ceafc000-7f80ceb82000 ---p 00000000 00:00 0 
7f80ceb82000-7f80ceb97000 rw-p 00000000 00:00 0 
7f80ceb97000-7f80cef43000 ---p 00000000 00:00 0 
7f80cef43000-7f80cef5d000 r-xp 00000000 08:01 10092954                   /usr/lib/jvm/java-8-oracle/jre/lib/amd64/libzip.so
7f80cef5d000-7f80cf15d000 ---p 0001a000 08:01 10092954                   /usr/lib/jvm/java-8-oracle/jre/lib/amd64/libzip.so
7f80cf15d000-7f80cf15e000 rw-p 0001a000 08:01 10092954                   /usr/lib/jvm/java-8-oracle/jre/lib/amd64/libzip.so
7f80cf15e000-7f80cf169000 r-xp 00000000 08:01 7603299                    /lib/x86_64-linux-gnu/libnss_files-2.23.so
7f80cf169000-7f80cf368000 ---p 0000b000 08:01 7603299                    /lib/x86_64-linux-gnu/libnss_files-2.23.so
7f80cf368000-7f80cf369000 r--p 0000a000 08:01 7603299                    /lib/x86_64-linux-gnu/libnss_files-2.23.so
7f80cf369000-7f80cf36a000 rw-p 0000b000 08:01 7603299                    /lib/x86_64-linux-gnu/libnss_files-2.23.so
7f80cf36a000-7f80cf370000 rw-p 00000000 00:00 0 
7f80cf370000-7f80cf37b000 r-xp 00000000 08:01 7603296                    /lib/x86_64-linux-gnu/libnss_nis-2.23.so
7f80cf37b000-7f80cf57a000 ---p 0000b000 08:01 7603296                    /lib/x86_64-linux-gnu/libnss_nis-2.23.so
7f80cf57a000-7f80cf57b000 r--p 0000a000 08:01 7603296                    /lib/x86_64-linux-gnu/libnss_nis-2.23.so
7f80cf57b000-7f80cf57c000 rw-p 0000b000 08:01 7603296                    /lib/x86_64-linux-gnu/libnss_nis-2.23.so
7f80cf57c000-7f80cf592000 r-xp 00000000 08:01 7603294                    /lib/x86_64-linux-gnu/libnsl-2.23.so
7f80cf592000-7f80cf792000 ---p 00016000 08:01 7603294                    /lib/x86_64-linux-gnu/libnsl-2.23.so
7f80cf792000-7f80cf793000 r--p 00016000 08:01 7603294                    /lib/x86_64-linux-gnu/libnsl-2.23.so
7f80cf793000-7f80cf794000 rw-p 00017000 08:01 7603294                    /lib/x86_64-linux-gnu/libnsl-2.23.so
7f80cf794000-7f80cf796000 rw-p 00000000 00:00 0 
7f80cf796000-7f80cf79e000 r-xp 00000000 08:01 7603292                    /lib/x86_64-linux-gnu/libnss_compat-2.23.so
7f80cf79e000-7f80cf99d000 ---p 00008000 08:01 7603292                    /lib/x86_64-linux-gnu/libnss_compat-2.23.so
7f80cf99d000-7f80cf99e000 r--p 00007000 08:01 7603292                    /lib/x86_64-linux-gnu/libnss_compat-2.23.so
7f80cf99e000-7f80cf99f000 rw-p 00008000 08:01 7603292                    /lib/x86_64-linux-gnu/libnss_compat-2.23.so
7f80cf99f000-7f80cf9c9000 r-xp 00000000 08:01 10092949                   /usr/lib/jvm/java-8-oracle/jre/lib/amd64/libjava.so
7f80cf9c9000-7f80cfbc9000 ---p 0002a000 08:01 10092949                   /usr/lib/jvm/java-8-oracle/jre/lib/amd64/libjava.so
7f80cfbc9000-7f80cfbcb000 rw-p 0002a000 08:01 10092949                   /usr/lib/jvm/java-8-oracle/jre/lib/amd64/libjava.so
7f80cfbcb000-7f80cfbd8000 r-xp 00000000 08:01 10092953                   /usr/lib/jvm/java-8-oracle/jre/lib/amd64/libverify.so
7f80cfbd8000-7f80cfdd8000 ---p 0000d000 08:01 10092953                   /usr/lib/jvm/java-8-oracle/jre/lib/amd64/libverify.so
7f80cfdd8000-7f80cfdda000 rw-p 0000d000 08:01 10092953                   /usr/lib/jvm/java-8-oracle/jre/lib/amd64/libverify.so
7f80cfdda000-7f80cfde1000 r-xp 00000000 08:01 7603308                    /lib/x86_64-linux-gnu/librt-2.23.so
7f80cfde1000-7f80cffe0000 ---p 00007000 08:01 7603308                    /lib/x86_64-linux-gnu/librt-2.23.so
7f80cffe0000-7f80cffe1000 r--p 00006000 08:01 7603308                    /lib/x86_64-linux-gnu/librt-2.23.so
7f80cffe1000-7f80cffe2000 rw-p 00007000 08:01 7603308                    /lib/x86_64-linux-gnu/librt-2.23.so
7f80cffe2000-7f80d00ea000 r-xp 00000000 08:01 7603305                    /lib/x86_64-linux-gnu/libm-2.23.so
7f80d00ea000-7f80d02e9000 ---p 00108000 08:01 7603305                    /lib/x86_64-linux-gnu/libm-2.23.so
7f80d02e9000-7f80d02ea000 r--p 00107000 08:01 7603305                    /lib/x86_64-linux-gnu/libm-2.23.so
7f80d02ea000-7f80d02eb000 rw-p 00108000 08:01 7603305                    /lib/x86_64-linux-gnu/libm-2.23.so
7f80d02eb000-7f80d0fab000 r-xp 00000000 08:01 10092932                   /usr/lib/jvm/java-8-oracle/jre/lib/amd64/server/libjvm.so
7f80d0fab000-7f80d11ab000 ---p 00cc0000 08:01 10092932                   /usr/lib/jvm/java-8-oracle/jre/lib/amd64/server/libjvm.so
7f80d11ab000-7f80d1283000 rw-p 00cc0000 08:01 10092932                   /usr/lib/jvm/java-8-oracle/jre/lib/amd64/server/libjvm.so
7f80d1283000-7f80d12ce000 rw-p 00000000 00:00 0 
7f80d12ce000-7f80d148e000 r-xp 00000000 08:01 7603313                    /lib/x86_64-linux-gnu/libc-2.23.so
7f80d148e000-7f80d168e000 ---p 001c0000 08:01 7603313                    /lib/x86_64-linux-gnu/libc-2.23.so
7f80d168e000-7f80d1692000 r--p 001c0000 08:01 7603313                    /lib/x86_64-linux-gnu/libc-2.23.so
7f80d1692000-7f80d1694000 rw-p 001c4000 08:01 7603313                    /lib/x86_64-linux-gnu/libc-2.23.so
7f80d1694000-7f80d1698000 rw-p 00000000 00:00 0 
7f80d1698000-7f80d169b000 r-xp 00000000 08:01 7603314                    /lib/x86_64-linux-gnu/libdl-2.23.so
7f80d169b000-7f80d189a000 ---p 00003000 08:01 7603314                    /lib/x86_64-linux-gnu/libdl-2.23.so
7f80d189a000-7f80d189b000 r--p 00002000 08:01 7603314                    /lib/x86_64-linux-gnu/libdl-2.23.so
7f80d189b000-7f80d189c000 rw-p 00003000 08:01 7603314                    /lib/x86_64-linux-gnu/libdl-2.23.so
7f80d189c000-7f80d18b1000 r-xp 00000000 08:01 9840182                    /usr/lib/jvm/java-8-oracle/lib/amd64/jli/libjli.so
7f80d18b1000-7f80d1ab1000 ---p 00015000 08:01 9840182                    /usr/lib/jvm/java-8-oracle/lib/amd64/jli/libjli.so
7f80d1ab1000-7f80d1ab2000 rw-p 00015000 08:01 9840182                    /usr/lib/jvm/java-8-oracle/lib/amd64/jli/libjli.so
7f80d1ab2000-7f80d1aca000 r-xp 00000000 08:01 7603312                    /lib/x86_64-linux-gnu/libpthread-2.23.so
7f80d1aca000-7f80d1cc9000 ---p 00018000 08:01 7603312                    /lib/x86_64-linux-gnu/libpthread-2.23.so
7f80d1cc9000-7f80d1cca000 r--p 00017000 08:01 7603312                    /lib/x86_64-linux-gnu/libpthread-2.23.so
7f80d1cca000-7f80d1ccb000 rw-p 00018000 08:01 7603312                    /lib/x86_64-linux-gnu/libpthread-2.23.so
7f80d1ccb000-7f80d1ccf000 rw-p 00000000 00:00 0 
7f80d1ccf000-7f80d1cf5000 r-xp 00000000 08:01 7603309                    /lib/x86_64-linux-gnu/ld-2.23.so
7f80d1cfb000-7f80d1dcd000 rw-p 00000000 00:00 0 
7f80d1dcd000-7f80d1dd0000 ---p 00000000 00:00 0 
7f80d1dd0000-7f80d1ed2000 rw-p 00000000 00:00 0 
7f80d1ed4000-7f80d1ee8000 rw-p 00000000 00:00 0 
7f80d1ee8000-7f80d1ef0000 rw-s 00000000 08:01 161051                     /tmp/hsperfdata_oguz/23736
7f80d1ef0000-7f80d1ef1000 rw-p 00000000 00:00 0 
7f80d1ef1000-7f80d1ef2000 ---p 00000000 00:00 0 
7f80d1ef2000-7f80d1ef4000 rw-p 00000000 00:00 0 
7f80d1ef4000-7f80d1ef5000 r--p 00025000 08:01 7603309                    /lib/x86_64-linux-gnu/ld-2.23.so
7f80d1ef5000-7f80d1ef6000 rw-p 00026000 08:01 7603309                    /lib/x86_64-linux-gnu/ld-2.23.so
7f80d1ef6000-7f80d1ef7000 rw-p 00000000 00:00 0 
7ffe93614000-7ffe93635000 rw-p 00000000 00:00 0                          [stack]
7ffe93635000-7ffe93637000 r--p 00000000 00:00 0                          [vvar]
7ffe93637000-7ffe93639000 r-xp 00000000 00:00 0                          [vdso]
ffffffffff600000-ffffffffff601000 r-xp 00000000 00:00 0                  [vsyscall]

VM Arguments:
jvm_args: -Djava.awt.headless=true -Xmx1024M -Dfile.encoding=UTF-8 -Duser.country=TR -Duser.language=tr -Duser.variant 
java_command: com.android.dx.command.Main --dex --force-jumbo --num-threads=4 --multi-dex --output /home/oguz/AndroidStudioProjects/FomApplicationAndroid-master/app/build/intermediates/transforms/dex/debug/folders/1000/10/com.android.support-appcompat-v7-22.2.0_519b40eb6680e9ba9d2c5cdbf7dd14cc7961c3b8 /home/oguz/AndroidStudioProjects/FomApplicationAndroid-master/app/build/intermediates/exploded-aar/com.android.support/appcompat-v7/22.2.0/jars/classes.jar
java_class_path (initial): /home/oguz/Android/Sdk/build-tools/23.0.3/lib/dx.jar
Launcher Type: SUN_STANDARD

Environment Variables:
PATH=/usr/local/sbin:/usr/local/bin:/usr/sbin:/usr/bin:/sbin:/bin:/usr/games:/usr/local/games:/snap/bin
LD_LIBRARY_PATH=/home/oguz/Masaüstü/Derleyiciler/android-studio/bin:
SHELL=/bin/bash
DISPLAY=:0

Signal Handlers:
SIGSEGV: [libjvm.so+0xabca10], sa_mask[0]=11111111011111111101111111111110, sa_flags=SA_RESTART|SA_SIGINFO
SIGBUS: [libjvm.so+0xabca10], sa_mask[0]=11111111011111111101111111111110, sa_flags=SA_RESTART|SA_SIGINFO
SIGFPE: [libjvm.so+0x919a20], sa_mask[0]=11111111011111111101111111111110, sa_flags=SA_RESTART|SA_SIGINFO
SIGPIPE: [libjvm.so+0x919a20], sa_mask[0]=11111111011111111101111111111110, sa_flags=SA_RESTART|SA_SIGINFO
SIGXFSZ: [libjvm.so+0x919a20], sa_mask[0]=11111111011111111101111111111110, sa_flags=SA_RESTART|SA_SIGINFO
SIGILL: [libjvm.so+0x919a20], sa_mask[0]=11111111011111111101111111111110, sa_flags=SA_RESTART|SA_SIGINFO
SIGUSR1: SIG_DFL, sa_mask[0]=00000000000000000000000000000000, sa_flags=none
SIGUSR2: [libjvm.so+0x91b050], sa_mask[0]=00100000000000000000000000000000, sa_flags=SA_RESTART|SA_SIGINFO
SIGHUP: [libjvm.so+0x91c450], sa_mask[0]=11111111011111111101111111111110, sa_flags=SA_RESTART|SA_SIGINFO
SIGINT: [libjvm.so+0x91c450], sa_mask[0]=11111111011111111101111111111110, sa_flags=SA_RESTART|SA_SIGINFO
SIGTERM: [libjvm.so+0x91c450], sa_mask[0]=11111111011111111101111111111110, sa_flags=SA_RESTART|SA_SIGINFO
SIGQUIT: [libjvm.so+0x91c450], sa_mask[0]=11111111011111111101111111111110, sa_flags=SA_RESTART|SA_SIGINFO


---------------  S Y S T E M  ---------------

OS:DISTRIB_ID=Ubuntu
DISTRIB_RELEASE=16.04
DISTRIB_CODENAME=xenial
DISTRIB_DESCRIPTION="Ubuntu Xenial Xerus (development branch)"

uname:Linux 4.4.0-22-generic #39-Ubuntu SMP Thu May 5 16:53:32 UTC 2016 x86_64
libc:glibc 2.23 NPTL 2.23 
rlimit: STACK 8192k, CORE 0k, NPROC 31498, NOFILE 65536, AS infinity
load average:4,11 1,25 0,77

/proc/meminfo:
MemTotal:        8101800 kB
MemFree:           53272 kB
MemAvailable:      77536 kB
Buffers:             396 kB
Cached:           381788 kB
SwapCached:            0 kB
Active:          7485384 kB
Inactive:         344736 kB
Active(anon):    7481268 kB
Inactive(anon):   340800 kB
Active(file):       4116 kB
Inactive(file):     3936 kB
Unevictable:          88 kB
Mlocked:              88 kB
SwapTotal:             0 kB
SwapFree:              0 kB
Dirty:               156 kB
Writeback:             0 kB
AnonPages:       7449168 kB
Mapped:            99288 kB
Shmem:            372988 kB
Slab:             100144 kB
SReclaimable:      48484 kB
SUnreclaim:        51660 kB
KernelStack:       17248 kB
PageTables:        54604 kB
NFS_Unstable:          0 kB
Bounce:                0 kB
WritebackTmp:          0 kB
CommitLimit:     4050900 kB
Committed_AS:   12546532 kB
VmallocTotal:   34359738367 kB
VmallocUsed:           0 kB
VmallocChunk:          0 kB
HardwareCorrupted:     0 kB
AnonHugePages:   4364288 kB
CmaTotal:              0 kB
CmaFree:               0 kB
HugePages_Total:       0
HugePages_Free:        0
HugePages_Rsvd:        0
HugePages_Surp:        0
Hugepagesize:       2048 kB
DirectMap4k:      176896 kB
DirectMap2M:     7090176 kB
DirectMap1G:     2097152 kB


CPU:total 8 (4 cores per cpu, 2 threads per core) family 6 model 60 stepping 3, cmov, cx8, fxsr, mmx, sse, sse2, sse3, ssse3, sse4.1, sse4.2, popcnt, avx, avx2, aes, clmul, erms, lzcnt, ht, tsc, tscinvbit, bmi1, bmi2

/proc/cpuinfo:
processor	: 0
vendor_id	: GenuineIntel
cpu family	: 6
model		: 60
model name	: Intel(R) Core(TM) i7-4700MQ CPU @ 2.40GHz
stepping	: 3
microcode	: 0x16
cpu MHz		: 2591.718
cache size	: 6144 KB
physical id	: 0
siblings	: 8
core id		: 0
cpu cores	: 4
apicid		: 0
initial apicid	: 0
fpu		: yes
fpu_exception	: yes
cpuid level	: 13
wp		: yes
flags		: fpu vme de pse tsc msr pae mce cx8 apic sep mtrr pge mca cmov pat pse36 clflush dts acpi mmx fxsr sse sse2 ss ht tm pbe syscall nx pdpe1gb rdtscp lm constant_tsc arch_perfmon pebs bts rep_good nopl xtopology nonstop_tsc aperfmperf eagerfpu pni pclmulqdq dtes64 monitor ds_cpl vmx est tm2 ssse3 sdbg fma cx16 xtpr pdcm pcid sse4_1 sse4_2 movbe popcnt tsc_deadline_timer aes xsave avx f16c rdrand lahf_lm abm epb tpr_shadow vnmi flexpriority ept vpid fsgsbase tsc_adjust bmi1 avx2 smep bmi2 erms invpcid xsaveopt dtherm ida arat pln pts
bugs		:
bogomips	: 4789.17
clflush size	: 64
cache_alignment	: 64
address sizes	: 39 bits physical, 48 bits virtual
power management:

processor	: 1
vendor_id	: GenuineIntel
cpu family	: 6
model		: 60
model name	: Intel(R) Core(TM) i7-4700MQ CPU @ 2.40GHz
stepping	: 3
microcode	: 0x16
cpu MHz		: 2796.375
cache size	: 6144 KB
physical id	: 0
siblings	: 8
core id		: 0
cpu cores	: 4
apicid		: 1
initial apicid	: 1
fpu		: yes
fpu_exception	: yes
cpuid level	: 13
wp		: yes
flags		: fpu vme de pse tsc msr pae mce cx8 apic sep mtrr pge mca cmov pat pse36 clflush dts acpi mmx fxsr sse sse2 ss ht tm pbe syscall nx pdpe1gb rdtscp lm constant_tsc arch_perfmon pebs bts rep_good nopl xtopology nonstop_tsc aperfmperf eagerfpu pni pclmulqdq dtes64 monitor ds_cpl vmx est tm2 ssse3 sdbg fma cx16 xtpr pdcm pcid sse4_1 sse4_2 movbe popcnt tsc_deadline_timer aes xsave avx f16c rdrand lahf_lm abm epb tpr_shadow vnmi flexpriority ept vpid fsgsbase tsc_adjust bmi1 avx2 smep bmi2 erms invpcid xsaveopt dtherm ida arat pln pts
bugs		:
bogomips	: 4789.17
clflush size	: 64
cache_alignment	: 64
address sizes	: 39 bits physical, 48 bits virtual
power management:

processor	: 2
vendor_id	: GenuineIntel
cpu family	: 6
model		: 60
model name	: Intel(R) Core(TM) i7-4700MQ CPU @ 2.40GHz
stepping	: 3
microcode	: 0x16
cpu MHz		: 2547.843
cache size	: 6144 KB
physical id	: 0
siblings	: 8
core id		: 1
cpu cores	: 4
apicid		: 2
initial apicid	: 2
fpu		: yes
fpu_exception	: yes
cpuid level	: 13
wp		: yes
flags		: fpu vme de pse tsc msr pae mce cx8 apic sep mtrr pge mca cmov pat pse36 clflush dts acpi mmx fxsr sse sse2 ss ht tm pbe syscall nx pdpe1gb rdtscp lm constant_tsc arch_perfmon pebs bts rep_good nopl xtopology nonstop_tsc aperfmperf eagerfpu pni pclmulqdq dtes64 monitor ds_cpl vmx est tm2 ssse3 sdbg fma cx16 xtpr pdcm pcid sse4_1 sse4_2 movbe popcnt tsc_deadline_timer aes xsave avx f16c rdrand lahf_lm abm epb tpr_shadow vnmi flexpriority ept vpid fsgsbase tsc_adjust bmi1 avx2 smep bmi2 erms invpcid xsaveopt dtherm ida arat pln pts
bugs		:
bogomips	: 4789.17
clflush size	: 64
cache_alignment	: 64
address sizes	: 39 bits physical, 48 bits virtual
power management:

processor	: 3
vendor_id	: GenuineIntel
cpu family	: 6
model		: 60
model name	: Intel(R) Core(TM) i7-4700MQ CPU @ 2.40GHz
stepping	: 3
microcode	: 0x16
cpu MHz		: 2614.312
cache size	: 6144 KB
physical id	: 0
siblings	: 8
core id		: 1
cpu cores	: 4
apicid		: 3
initial apicid	: 3
fpu		: yes
fpu_exception	: yes
cpuid level	: 13
wp		: yes
flags		: fpu vme de pse tsc msr pae mce cx8 apic sep mtrr pge mca cmov pat pse36 clflush dts acpi mmx fxsr sse sse2 ss ht tm pbe syscall nx pdpe1gb rdtscp lm constant_tsc arch_perfmon pebs bts rep_good nopl xtopology nonstop_tsc aperfmperf eagerfpu pni pclmulqdq dtes64 monitor ds_cpl vmx est tm2 ssse3 sdbg fma cx16 xtpr pdcm pcid sse4_1 sse4_2 movbe popcnt tsc_deadline_timer aes xsave avx f16c rdrand lahf_lm abm epb tpr_shadow vnmi flexpriority ept vpid fsgsbase tsc_adjust bmi1 avx2 smep bmi2 erms invpcid xsaveopt dtherm ida arat pln pts
bugs		:
bogomips	: 4789.17
clflush size	: 64
cache_alignment	: 64
address sizes	: 39 bits physical, 48 bits virtual
power management:

processor	: 4
vendor_id	: GenuineIntel
cpu family	: 6
model		: 60
model name	: Intel(R) Core(TM) i7-4700MQ CPU @ 2.40GHz
stepping	: 3
microcode	: 0x16
cpu MHz		: 2649.937
cache size	: 6144 KB
physical id	: 0
siblings	: 8
core id		: 2
cpu cores	: 4
apicid		: 4
initial apicid	: 4
fpu		: yes
fpu_exception	: yes
cpuid level	: 13
wp		: yes
flags		: fpu vme de pse tsc msr pae mce cx8 apic sep mtrr pge mca cmov pat pse36 clflush dts acpi mmx fxsr sse sse2 ss ht tm pbe syscall nx pdpe1gb rdtscp lm constant_tsc arch_perfmon pebs bts rep_good nopl xtopology nonstop_tsc aperfmperf eagerfpu pni pclmulqdq dtes64 monitor ds_cpl vmx est tm2 ssse3 sdbg fma cx16 xtpr pdcm pcid sse4_1 sse4_2 movbe popcnt tsc_deadline_timer aes xsave avx f16c rdrand lahf_lm abm epb tpr_shadow vnmi flexpriority ept vpid fsgsbase tsc_adjust bmi1 avx2 smep bmi2 erms invpcid xsaveopt dtherm ida arat pln pts
bugs		:
bogomips	: 4789.17
clflush size	: 64
cache_alignment	: 64
address sizes	: 39 bits physical, 48 bits virtual
power management:

processor	: 5
vendor_id	: GenuineIntel
cpu family	: 6
model		: 60
model name	: Intel(R) Core(TM) i7-4700MQ CPU @ 2.40GHz
stepping	: 3
microcode	: 0x16
cpu MHz		: 2704.500
cache size	: 6144 KB
physical id	: 0
siblings	: 8
core id		: 2
cpu cores	: 4
apicid		: 5
initial apicid	: 5
fpu		: yes
fpu_exception	: yes
cpuid level	: 13
wp		: yes
flags		: fpu vme de pse tsc msr pae mce cx8 apic sep mtrr pge mca cmov pat pse36 clflush dts acpi mmx fxsr sse sse2 ss ht tm pbe syscall nx pdpe1gb rdtscp lm constant_tsc arch_perfmon pebs bts rep_good nopl xtopology nonstop_tsc aperfmperf eagerfpu pni pclmulqdq dtes64 monitor ds_cpl vmx est tm2 ssse3 sdbg fma cx16 xtpr pdcm pcid sse4_1 sse4_2 movbe popcnt tsc_deadline_timer aes xsave avx f16c rdrand lahf_lm abm epb tpr_shadow vnmi flexpriority ept vpid fsgsbase tsc_adjust bmi1 avx2 smep bmi2 erms invpcid xsaveopt dtherm ida arat pln pts
bugs		:
bogomips	: 4789.17
clflush size	: 64
cache_alignment	: 64
address sizes	: 39 bits physical, 48 bits virtual
power management:

processor	: 6
vendor_id	: GenuineIntel
cpu family	: 6
model		: 60
model name	: Intel(R) Core(TM) i7-4700MQ CPU @ 2.40GHz
stepping	: 3
microcode	: 0x16
cpu MHz		: 2560.031
cache size	: 6144 KB
physical id	: 0
siblings	: 8
core id		: 3
cpu cores	: 4
apicid		: 6
initial apicid	: 6
fpu		: yes
fpu_exception	: yes
cpuid level	: 13
wp		: yes
flags		: fpu vme de pse tsc msr pae mce cx8 apic sep mtrr pge mca cmov pat pse36 clflush dts acpi mmx fxsr sse sse2 ss ht tm pbe syscall nx pdpe1gb rdtscp lm constant_tsc arch_perfmon pebs bts rep_good nopl xtopology nonstop_tsc aperfmperf eagerfpu pni pclmulqdq dtes64 monitor ds_cpl vmx est tm2 ssse3 sdbg fma cx16 xtpr pdcm pcid sse4_1 sse4_2 movbe popcnt tsc_deadline_timer aes xsave avx f16c rdrand lahf_lm abm epb tpr_shadow vnmi flexpriority ept vpid fsgsbase tsc_adjust bmi1 avx2 smep bmi2 erms invpcid xsaveopt dtherm ida arat pln pts
bugs		:
bogomips	: 4789.17
clflush size	: 64
cache_alignment	: 64
address sizes	: 39 bits physical, 48 bits virtual
power management:

processor	: 7
vendor_id	: GenuineIntel
cpu family	: 6
model		: 60
model name	: Intel(R) Core(TM) i7-4700MQ CPU @ 2.40GHz
stepping	: 3
microcode	: 0x16
cpu MHz		: 2551.406
cache size	: 6144 KB
physical id	: 0
siblings	: 8
core id		: 3
cpu cores	: 4
apicid		: 7
initial apicid	: 7
fpu		: yes
fpu_exception	: yes
cpuid level	: 13
wp		: yes
flags		: fpu vme de pse tsc msr pae mce cx8 apic sep mtrr pge mca cmov pat pse36 clflush dts acpi mmx fxsr sse sse2 ss ht tm pbe syscall nx pdpe1gb rdtscp lm constant_tsc arch_perfmon pebs bts rep_good nopl xtopology nonstop_tsc aperfmperf eagerfpu pni pclmulqdq dtes64 monitor ds_cpl vmx est tm2 ssse3 sdbg fma cx16 xtpr pdcm pcid sse4_1 sse4_2 movbe popcnt tsc_deadline_timer aes xsave avx f16c rdrand lahf_lm abm epb tpr_shadow vnmi flexpriority ept vpid fsgsbase tsc_adjust bmi1 avx2 smep bmi2 erms invpcid xsaveopt dtherm ida arat pln pts
bugs		:
bogomips	: 4789.17
clflush size	: 64
cache_alignment	: 64
address sizes	: 39 bits physical, 48 bits virtual
power management:



Memory: 4k page, physical 8101800k(52160k free), swap 0k(0k free)

vm_info: Java HotSpot(TM) 64-Bit Server VM (25.91-b14) for linux-amd64 JRE (1.8.0_91-b14), built on Apr  1 2016 00:57:21 by "java_re" with gcc 4.3.0 20080428 (Red Hat 4.3.0-8)

time: Mon Jul 25 15:44:07 2016
elapsed time: 9 seconds (0d 0h 0m 9s)

