#
# There is insufficient memory for the Java Runtime Environment to continue.
# Native memory allocation (mmap) failed to map 65011712 bytes for committing reserved memory.
# Possible reasons:
#   The system is out of physical RAM or swap space
#   In 32 bit mode, the process size limit was hit
# Possible solutions:
#   Reduce memory load on the system
#   Increase physical memory or swap space
#   Check if swap backing store is full
#   Use 64 bit Java on a 64 bit OS
#   Decrease Java heap size (-Xmx/-Xms)
#   Decrease number of Java threads
#   Decrease Java thread stack sizes (-Xss)
#   Set larger code cache with -XX:ReservedCodeCacheSize=
# This output file may be truncated or incomplete.
#
#  Out of Memory Error (os_linux.cpp:2627), pid=23724, tid=139943336662784
#
# JRE version: Java(TM) SE Runtime Environment (8.0_91-b14) (build 1.8.0_91-b14)
# Java VM: Java HotSpot(TM) 64-Bit Server VM (25.91-b14 mixed mode linux-amd64 compressed oops)
# Failed to write core dump. Core dumps have been disabled. To enable core dumping, try "ulimit -c unlimited" before starting Java again
#

---------------  T H R E A D  ---------------

Current thread (0x00007f4748080000):  VMThread [stack: 0x00007f4718ced000,0x00007f4718dee000] [id=23779]

Stack: [0x00007f4718ced000,0x00007f4718dee000],  sp=0x00007f4718dec120,  free space=1020k
Native frames: (J=compiled Java code, j=interpreted, Vv=VM code, C=native code)
V  [libjvm.so+0xabc18a]  VMError::report_and_die()+0x2ba
V  [libjvm.so+0x4fafeb]  report_vm_out_of_memory(char const*, int, unsigned long, VMErrorType, char const*)+0x8b
V  [libjvm.so+0x91cbb3]  os::Linux::commit_memory_impl(char*, unsigned long, bool)+0x103
V  [libjvm.so+0x91d109]  os::pd_commit_memory(char*, unsigned long, unsigned long, bool)+0x29
V  [libjvm.so+0x91740a]  os::commit_memory(char*, unsigned long, unsigned long, bool)+0x2a
V  [libjvm.so+0x98b033]  PSVirtualSpace::expand_by(unsigned long)+0x53
V  [libjvm.so+0x98c438]  PSYoungGen::resize_generation(unsigned long, unsigned long)+0xf8
V  [libjvm.so+0x98b592]  PSYoungGen::resize(unsigned long, unsigned long)+0x22
V  [libjvm.so+0x98886b]  PSScavenge::invoke_no_policy()+0xf3b
V  [libjvm.so+0x988ff1]  PSScavenge::invoke()+0x41
V  [libjvm.so+0x9408b0]  ParallelScavengeHeap::failed_mem_allocate(unsigned long)+0x70
V  [libjvm.so+0xabdba7]  VM_ParallelGCFailedAllocation::doit()+0x97
V  [libjvm.so+0xac55d5]  VM_Operation::evaluate()+0x55
V  [libjvm.so+0xac39aa]  VMThread::evaluate_operation(VM_Operation*)+0xba
V  [libjvm.so+0xac3d2e]  VMThread::loop()+0x1ce
V  [libjvm.so+0xac41a0]  VMThread::run()+0x70
V  [libjvm.so+0x91ef78]  java_start(Thread*)+0x108

VM_Operation (0x00007f46f3af8bc0): ParallelGCFailedAllocation, mode: safepoint, requested by thread 0x00007f47481b1000


---------------  P R O C E S S  ---------------

Java Threads: ( => current thread )
  0x00007f47481b1000 JavaThread "pool-2-thread-4" [_thread_blocked, id=23822, stack(0x00007f46f39fa000,0x00007f46f3afb000)]
  0x00007f47481af800 JavaThread "pool-2-thread-3" [_thread_blocked, id=23821, stack(0x00007f46f3afb000,0x00007f46f3bfc000)]
  0x00007f47481a4000 JavaThread "pool-2-thread-2" [_thread_blocked, id=23820, stack(0x00007f46f3bfc000,0x00007f46f3cfd000)]
  0x00007f47481a2000 JavaThread "pool-3-thread-1" [_thread_blocked, id=23819, stack(0x00007f46f3cfd000,0x00007f46f3dfe000)]
  0x00007f47481a0000 JavaThread "pool-2-thread-1" [_thread_blocked, id=23818, stack(0x00007f46f3dfe000,0x00007f46f3eff000)]
  0x00007f47480d3000 JavaThread "Service Thread" daemon [_thread_blocked, id=23795, stack(0x00007f47180ad000,0x00007f47181ae000)]
  0x00007f47480c8000 JavaThread "C1 CompilerThread3" daemon [_thread_blocked, id=23794, stack(0x00007f47181ae000,0x00007f47182af000)]
  0x00007f47480c5800 JavaThread "C2 CompilerThread2" daemon [_thread_blocked, id=23793, stack(0x00007f47182af000,0x00007f47183b0000)]
  0x00007f47480c4000 JavaThread "C2 CompilerThread1" daemon [_thread_blocked, id=23792, stack(0x00007f47183b0000,0x00007f47184b1000)]
  0x00007f47480c1000 JavaThread "C2 CompilerThread0" daemon [_thread_blocked, id=23791, stack(0x00007f47184b1000,0x00007f47185b2000)]
  0x00007f47480bf800 JavaThread "Signal Dispatcher" daemon [_thread_blocked, id=23790, stack(0x00007f47185b2000,0x00007f47186b3000)]
  0x00007f474808c800 JavaThread "Finalizer" daemon [_thread_blocked, id=23784, stack(0x00007f4718aeb000,0x00007f4718bec000)]
  0x00007f4748087800 JavaThread "Reference Handler" daemon [_thread_blocked, id=23782, stack(0x00007f4718bec000,0x00007f4718ced000)]
  0x00007f474800a000 JavaThread "main" [_thread_blocked, id=23734, stack(0x00007f47504cb000,0x00007f47505cc000)]

Other Threads:
=>0x00007f4748080000 VMThread [stack: 0x00007f4718ced000,0x00007f4718dee000] [id=23779]
  0x00007f47480d6800 WatcherThread [stack: 0x00007f46f3eff000,0x00007f46f4000000] [id=23796]

VM state:at safepoint (normal execution)

VM Mutex/Monitor currently owned by a thread:  ([mutex/lock_event])
[0x00007f47480065b0] Threads_lock - owner thread: 0x00007f4748080000
[0x00007f4748006ab0] Heap_lock - owner thread: 0x00007f47481b1000

Heap:
 PSYoungGen      total 68608K, used 5106K [0x00000000eab00000, 0x00000000ef300000, 0x0000000100000000)
  eden space 63488K, 0% used [0x00000000eab00000,0x00000000eab00000,0x00000000ee900000)
  from space 5120K, 99% used [0x00000000ee900000,0x00000000eedfcb88,0x00000000eee00000)
  to   space 5120K, 0% used [0x00000000eee00000,0x00000000eee00000,0x00000000ef300000)
 ParOldGen       total 84992K, used 14480K [0x00000000c0000000, 0x00000000c5300000, 0x00000000eab00000)
  object space 84992K, 17% used [0x00000000c0000000,0x00000000c0e242e8,0x00000000c5300000)
 Metaspace       used 6110K, capacity 7000K, committed 7168K, reserved 1056768K
  class space    used 616K, capacity 656K, committed 768K, reserved 1048576K

Card table byte_map: [0x00007f474d080000,0x00007f474d281000] byte_map_base: 0x00007f474ca80000

Marking Bits: (ParMarkBitMap*) 0x00007f474f99fd60
 Begin Bits: [0x00007f471a000000, 0x00007f471b000000)
 End Bits:   [0x00007f471b000000, 0x00007f471c000000)

Polling page: 0x00007f47505ef000

CodeCache: size=245760Kb used=4900Kb max_used=4900Kb free=240859Kb
 bounds [0x00007f4739000000, 0x00007f47394d0000, 0x00007f4748000000]
 total_blobs=1585 nmethods=1316 adapters=182
 compilation: enabled

Compilation events (10 events):
Event: 2,450 Thread 0x00007f47480c8000 nmethod 1502 0x00007f47394be850 code [0x00007f47394beae0, 0x00007f47394bf5a8]
Event: 2,738 Thread 0x00007f47480c8000 1537   !   2       com.android.dx.cf.direct.StdAttributeFactory::parseLocalVariables (274 bytes)
Event: 2,783 Thread 0x00007f47480c8000 nmethod 1537 0x00007f47394c0550 code [0x00007f47394c0a40, 0x00007f47394c2748]
Event: 2,783 Thread 0x00007f47480c8000 1546 %     3       com.android.dx.ssa.SsaMethod::buildUseList @ 30 (112 bytes)
Event: 2,785 Thread 0x00007f47480c8000 nmethod 1546% 0x00007f47394c64d0 code [0x00007f47394c6760, 0x00007f47394c7ab8]
Event: 2,785 Thread 0x00007f47480c8000 1542 %     3       java.util.TreeMap::put @ 132 (247 bytes)
Event: 2,787 Thread 0x00007f47480c8000 nmethod 1542% 0x00007f47394c8550 code [0x00007f47394c87c0, 0x00007f47394c9ab8]
Event: 2,787 Thread 0x00007f47480c8000 1549 %     3       com.android.dx.ssa.SCCP::run @ 93 (298 bytes)
Event: 2,802 Thread 0x00007f47480c8000 nmethod 1549% 0x00007f47394ca210 code [0x00007f47394ca5e0, 0x00007f47394cc588]
Event: 2,826 Thread 0x00007f47480c8000 1554 %     3       com.android.dx.ssa.Dominators::compress @ 55 (229 bytes)

GC Heap History (5 events):
Event: 0,956 GC heap before
{Heap before GC invocations=1 (full 0):
 PSYoungGen      total 36864K, used 31744K [0x00000000eab00000, 0x00000000ed400000, 0x0000000100000000)
  eden space 31744K, 100% used [0x00000000eab00000,0x00000000eca00000,0x00000000eca00000)
  from space 5120K, 0% used [0x00000000ecf00000,0x00000000ecf00000,0x00000000ed400000)
  to   space 5120K, 0% used [0x00000000eca00000,0x00000000eca00000,0x00000000ecf00000)
 ParOldGen       total 84992K, used 0K [0x00000000c0000000, 0x00000000c5300000, 0x00000000eab00000)
  object space 84992K, 0% used [0x00000000c0000000,0x00000000c0000000,0x00000000c5300000)
 Metaspace       used 5768K, capacity 6768K, committed 7040K, reserved 1056768K
  class space    used 591K, capacity 616K, committed 640K, reserved 1048576K
Event: 1,008 GC heap after
Heap after GC invocations=1 (full 0):
 PSYoungGen      total 36864K, used 5117K [0x00000000eab00000, 0x00000000ef300000, 0x0000000100000000)
  eden space 31744K, 0% used [0x00000000eab00000,0x00000000eab00000,0x00000000eca00000)
  from space 5120K, 99% used [0x00000000eca00000,0x00000000eceff7c0,0x00000000ecf00000)
  to   space 5120K, 0% used [0x00000000eee00000,0x00000000eee00000,0x00000000ef300000)
 ParOldGen       total 84992K, used 1456K [0x00000000c0000000, 0x00000000c5300000, 0x00000000eab00000)
  object space 84992K, 1% used [0x00000000c0000000,0x00000000c016c138,0x00000000c5300000)
 Metaspace       used 5768K, capacity 6768K, committed 7040K, reserved 1056768K
  class space    used 591K, capacity 616K, committed 640K, reserved 1048576K
}
Event: 1,687 GC heap before
{Heap before GC invocations=2 (full 0):
 PSYoungGen      total 36864K, used 36861K [0x00000000eab00000, 0x00000000ef300000, 0x0000000100000000)
  eden space 31744K, 100% used [0x00000000eab00000,0x00000000eca00000,0x00000000eca00000)
  from space 5120K, 99% used [0x00000000eca00000,0x00000000eceff7c0,0x00000000ecf00000)
  to   space 5120K, 0% used [0x00000000eee00000,0x00000000eee00000,0x00000000ef300000)
 ParOldGen       total 84992K, used 1456K [0x00000000c0000000, 0x00000000c5300000, 0x00000000eab00000)
  object space 84992K, 1% used [0x00000000c0000000,0x00000000c016c138,0x00000000c5300000)
 Metaspace       used 5934K, capacity 6896K, committed 7040K, reserved 1056768K
  class space    used 594K, capacity 616K, committed 640K, reserved 1048576K
Event: 1,743 GC heap after
Heap after GC invocations=2 (full 0):
 PSYoungGen      total 68608K, used 5088K [0x00000000eab00000, 0x00000000ef300000, 0x0000000100000000)
  eden space 63488K, 0% used [0x00000000eab00000,0x00000000eab00000,0x00000000ee900000)
  from space 5120K, 99% used [0x00000000eee00000,0x00000000ef2f83e0,0x00000000ef300000)
  to   space 5120K, 0% used [0x00000000ee900000,0x00000000ee900000,0x00000000eee00000)
 ParOldGen       total 84992K, used 5813K [0x00000000c0000000, 0x00000000c5300000, 0x00000000eab00000)
  object space 84992K, 6% used [0x00000000c0000000,0x00000000c05ad5c0,0x00000000c5300000)
 Metaspace       used 5934K, capacity 6896K, committed 7040K, reserved 1056768K
  class space    used 594K, capacity 616K, committed 640K, reserved 1048576K
}
Event: 2,969 GC heap before
{Heap before GC invocations=3 (full 0):
 PSYoungGen      total 68608K, used 68576K [0x00000000eab00000, 0x00000000ef300000, 0x0000000100000000)
  eden space 63488K, 100% used [0x00000000eab00000,0x00000000ee900000,0x00000000ee900000)
  from space 5120K, 99% used [0x00000000eee00000,0x00000000ef2f83e0,0x00000000ef300000)
  to   space 5120K, 0% used [0x00000000ee900000,0x00000000ee900000,0x00000000eee00000)
 ParOldGen       total 84992K, used 5813K [0x00000000c0000000, 0x00000000c5300000, 0x00000000eab00000)
  object space 84992K, 6% used [0x00000000c0000000,0x00000000c05ad5c0,0x00000000c5300000)
 Metaspace       used 6110K, capacity 7000K, committed 7168K, reserved 1056768K
  class space    used 616K, capacity 656K, committed 768K, reserved 1048576K

Deoptimization events (10 events):
Event: 1,644 Thread 0x00007f47481b1000 Uncommon trap: reason=class_check action=maybe_recompile pc=0x00007f473927df38 method=com.android.dx.ssa.NormalSsaInsn.accept(Lcom/android/dx/ssa/SsaInsn$Visitor;)V @ 9
Event: 1,790 Thread 0x00007f47481af800 Uncommon trap: reason=unstable_if action=reinterpret pc=0x00007f4739348ba0 method=com.android.dx.cf.code.Ropper.labelToResultIndex(I)I @ 34
Event: 1,808 Thread 0x00007f474800a000 Uncommon trap: reason=unstable_if action=reinterpret pc=0x00007f473925e504 method=java.util.HashMap.putVal(ILjava/lang/Object;Ljava/lang/Object;ZZ)Ljava/lang/Object; @ 162
Event: 1,812 Thread 0x00007f474800a000 Uncommon trap: reason=unstable_if action=reinterpret pc=0x00007f47392bd6f8 method=java.util.HashMap.getNode(ILjava/lang/Object;)Ljava/util/HashMap$Node; @ 84
Event: 1,821 Thread 0x00007f47481a4000 Uncommon trap: reason=unstable_if action=reinterpret pc=0x00007f4739300b94 method=java.util.HashMap.putVal(ILjava/lang/Object;Ljava/lang/Object;ZZ)Ljava/lang/Object; @ 162
Event: 1,821 Thread 0x00007f47481a4000 Uncommon trap: reason=unstable_if action=reinterpret pc=0x00007f473929f5ec method=java.util.HashMap.getNode(ILjava/lang/Object;)Ljava/util/HashMap$Node; @ 84
Event: 1,833 Thread 0x00007f47481b1000 Uncommon trap: reason=unstable_if action=reinterpret pc=0x00007f47392c2d04 method=com.android.dx.util.IntList.binarysearch(I)I @ 105
Event: 2,068 Thread 0x00007f47481a4000 Uncommon trap: reason=unstable_if action=reinterpret pc=0x00007f4739451c3c method=com.android.dx.cf.code.BytecodeArray.parseInstruction(ILcom/android/dx/cf/code/BytecodeArray$Visitor;)I @ 1198
Event: 2,243 Thread 0x00007f47481b1000 Uncommon trap: reason=class_check action=maybe_recompile pc=0x00007f47394638ec method=com.android.dx.rop.code.RegisterSpec.withSimpleType()Lcom/android/dx/rop/code/RegisterSpec; @ 21
Event: 2,243 Thread 0x00007f47481b1000 Uncommon trap: reason=class_check action=maybe_recompile pc=0x00007f47394638ec method=com.android.dx.rop.code.RegisterSpec.withSimpleType()Lcom/android/dx/rop/code/RegisterSpec; @ 21

Internal exceptions (6 events):
Event: 0,026 Thread 0x00007f474800a000 Exception <a 'java/lang/NoSuchMethodError': Method sun.misc.Unsafe.defineClass(Ljava/lang/String;[BII)Ljava/lang/Class; name or signature does not match> (0x00000000eab07cc0) thrown at [/HUDSON/workspace/8-2-build-linux-amd64/jdk8u91/6644/hotspot/src/shar
Event: 0,026 Thread 0x00007f474800a000 Exception <a 'java/lang/NoSuchMethodError': Method sun.misc.Unsafe.prefetchRead(Ljava/lang/Object;J)V name or signature does not match> (0x00000000eab07fa8) thrown at [/HUDSON/workspace/8-2-build-linux-amd64/jdk8u91/6644/hotspot/src/share/vm/prims/jni.cpp
Event: 1,558 Thread 0x00007f47481b1000 Implicit null exception at 0x00007f47392853d0 to 0x00007f4739287a1d
Event: 1,811 Thread 0x00007f474800a000 Exception <a 'java/lang/ArrayIndexOutOfBoundsException': 18> (0x00000000eb1673a8) thrown at [/HUDSON/workspace/8-2-build-linux-amd64/jdk8u91/6644/hotspot/src/share/vm/interpreter/interpreterRuntime.cpp, line 366]
Event: 1,811 Thread 0x00007f474800a000 Exception <a 'java/lang/ArrayIndexOutOfBoundsException': 145> (0x00000000eb168f28) thrown at [/HUDSON/workspace/8-2-build-linux-amd64/jdk8u91/6644/hotspot/src/share/vm/interpreter/interpreterRuntime.cpp, line 366]
Event: 1,812 Thread 0x00007f474800a000 Exception <a 'java/lang/ArrayIndexOutOfBoundsException': 40> (0x00000000eb16a210) thrown at [/HUDSON/workspace/8-2-build-linux-amd64/jdk8u91/6644/hotspot/src/share/vm/interpreter/interpreterRuntime.cpp, line 366]

Events (10 events):
Event: 2,785 Thread 0x00007f47481af800 DEOPT UNPACKING pc=0x00007f4739047633 sp=0x00007f46f3bf9ef0 mode 0
Event: 2,796 Thread 0x00007f47481a0000 DEOPT PACKING pc=0x00007f47393dec82 sp=0x00007f46f3efcc10
Event: 2,796 Thread 0x00007f47481a0000 DEOPT UNPACKING pc=0x00007f4739047633 sp=0x00007f46f3efc998 mode 0
Event: 2,797 Thread 0x00007f47481a0000 DEOPT PACKING pc=0x00007f47393dec82 sp=0x00007f46f3efcc10
Event: 2,797 Thread 0x00007f47481a0000 DEOPT UNPACKING pc=0x00007f4739047633 sp=0x00007f46f3efc998 mode 0
Event: 2,798 Thread 0x00007f47481a0000 DEOPT PACKING pc=0x00007f47393dec82 sp=0x00007f46f3efcc10
Event: 2,798 Thread 0x00007f47481a0000 DEOPT UNPACKING pc=0x00007f4739047633 sp=0x00007f46f3efc998 mode 0
Event: 2,799 Thread 0x00007f47481a0000 DEOPT PACKING pc=0x00007f47393dec82 sp=0x00007f46f3efcc10
Event: 2,799 Thread 0x00007f47481a0000 DEOPT UNPACKING pc=0x00007f4739047633 sp=0x00007f46f3efc998 mode 0
Event: 2,806 Executing VM operation: ParallelGCFailedAllocation


Dynamic libraries:
00400000-00401000 r-xp 00000000 08:01 9839507                            /usr/lib/jvm/java-8-oracle/bin/java
00600000-00601000 rw-p 00000000 08:01 9839507                            /usr/lib/jvm/java-8-oracle/bin/java
0242e000-0244f000 rw-p 00000000 00:00 0                                  [heap]
c0000000-c5300000 rw-p 00000000 00:00 0 
c5300000-eab00000 ---p 00000000 00:00 0 
eab00000-ef300000 rw-p 00000000 00:00 0 
f3100000-100000000 ---p 00000000 00:00 0 
100000000-1000c0000 rw-p 00000000 00:00 0 
1000c0000-140000000 ---p 00000000 00:00 0 
7f46d4000000-7f46d4021000 rw-p 00000000 00:00 0 
7f46d4021000-7f46d8000000 ---p 00000000 00:00 0 
7f46d8000000-7f46d803b000 rw-p 00000000 00:00 0 
7f46d803b000-7f46dc000000 ---p 00000000 00:00 0 
7f46dc000000-7f46dc021000 rw-p 00000000 00:00 0 
7f46dc021000-7f46e0000000 ---p 00000000 00:00 0 
7f46e0000000-7f46e0021000 rw-p 00000000 00:00 0 
7f46e0021000-7f46e4000000 ---p 00000000 00:00 0 
7f46e4000000-7f46e4021000 rw-p 00000000 00:00 0 
7f46e4021000-7f46e8000000 ---p 00000000 00:00 0 
7f46e8000000-7f46e8021000 rw-p 00000000 00:00 0 
7f46e8021000-7f46ec000000 ---p 00000000 00:00 0 
7f46ec000000-7f46ec021000 rw-p 00000000 00:00 0 
7f46ec021000-7f46f0000000 ---p 00000000 00:00 0 
7f46f39fa000-7f46f39fd000 ---p 00000000 00:00 0 
7f46f39fd000-7f46f3afb000 rw-p 00000000 00:00 0 
7f46f3afb000-7f46f3afe000 ---p 00000000 00:00 0 
7f46f3afe000-7f46f3bfc000 rw-p 00000000 00:00 0 
7f46f3bfc000-7f46f3bff000 ---p 00000000 00:00 0 
7f46f3bff000-7f46f3cfd000 rw-p 00000000 00:00 0 
7f46f3cfd000-7f46f3d00000 ---p 00000000 00:00 0 
7f46f3d00000-7f46f3dfe000 rw-p 00000000 00:00 0 
7f46f3dfe000-7f46f3e01000 ---p 00000000 00:00 0 
7f46f3e01000-7f46f3eff000 rw-p 00000000 00:00 0 
7f46f3eff000-7f46f3f00000 ---p 00000000 00:00 0 
7f46f3f00000-7f46f4000000 rw-p 00000000 00:00 0 
7f46f4000000-7f46f4a03000 rw-p 00000000 00:00 0 
7f46f4a03000-7f46f8000000 ---p 00000000 00:00 0 
7f46f8000000-7f46f85e4000 rw-p 00000000 00:00 0 
7f46f85e4000-7f46fc000000 ---p 00000000 00:00 0 
7f46fc000000-7f46fc95f000 rw-p 00000000 00:00 0 
7f46fc95f000-7f4700000000 ---p 00000000 00:00 0 
7f4700000000-7f4700890000 rw-p 00000000 00:00 0 
7f4700890000-7f4704000000 ---p 00000000 00:00 0 
7f4704000000-7f4704021000 rw-p 00000000 00:00 0 
7f4704021000-7f4708000000 ---p 00000000 00:00 0 
7f4708000000-7f4708021000 rw-p 00000000 00:00 0 
7f4708021000-7f470c000000 ---p 00000000 00:00 0 
7f470c000000-7f470c297000 rw-p 00000000 00:00 0 
7f470c297000-7f4710000000 ---p 00000000 00:00 0 
7f4710000000-7f4710021000 rw-p 00000000 00:00 0 
7f4710021000-7f4714000000 ---p 00000000 00:00 0 
7f4714000000-7f4714021000 rw-p 00000000 00:00 0 
7f4714021000-7f4718000000 ---p 00000000 00:00 0 
7f47180ad000-7f47180b0000 ---p 00000000 00:00 0 
7f47180b0000-7f47181ae000 rw-p 00000000 00:00 0 
7f47181ae000-7f47181b1000 ---p 00000000 00:00 0 
7f47181b1000-7f47182af000 rw-p 00000000 00:00 0 
7f47182af000-7f47182b2000 ---p 00000000 00:00 0 
7f47182b2000-7f47183b0000 rw-p 00000000 00:00 0 
7f47183b0000-7f47183b3000 ---p 00000000 00:00 0 
7f47183b3000-7f47184b1000 rw-p 00000000 00:00 0 
7f47184b1000-7f47184b4000 ---p 00000000 00:00 0 
7f47184b4000-7f47185b2000 rw-p 00000000 00:00 0 
7f47185b2000-7f47185b5000 ---p 00000000 00:00 0 
7f47185b5000-7f47186b3000 rw-p 00000000 00:00 0 
7f47186b3000-7f4718aeb000 r--p 00000000 08:01 9700768                    /usr/lib/locale/locale-archive
7f4718aeb000-7f4718aee000 ---p 00000000 00:00 0 
7f4718aee000-7f4718bec000 rw-p 00000000 00:00 0 
7f4718bec000-7f4718bef000 ---p 00000000 00:00 0 
7f4718bef000-7f4718ced000 rw-p 00000000 00:00 0 
7f4718ced000-7f4718cee000 ---p 00000000 00:00 0 
7f4718cee000-7f471c000000 rw-p 00000000 00:00 0 
7f471c000000-7f471c021000 rw-p 00000000 00:00 0 
7f471c021000-7f4720000000 ---p 00000000 00:00 0 
7f4720000000-7f4720021000 rw-p 00000000 00:00 0 
7f4720021000-7f4724000000 ---p 00000000 00:00 0 
7f4724000000-7f4724021000 rw-p 00000000 00:00 0 
7f4724021000-7f4728000000 ---p 00000000 00:00 0 
7f4728000000-7f4728021000 rw-p 00000000 00:00 0 
7f4728021000-7f472c000000 ---p 00000000 00:00 0 
7f472c000000-7f472c021000 rw-p 00000000 00:00 0 
7f472c021000-7f4730000000 ---p 00000000 00:00 0 
7f4730000000-7f4730021000 rw-p 00000000 00:00 0 
7f4730021000-7f4734000000 ---p 00000000 00:00 0 
7f4734000000-7f4734021000 rw-p 00000000 00:00 0 
7f4734021000-7f4738000000 ---p 00000000 00:00 0 
7f473806a000-7f4738087000 r--p 00000000 08:01 11012338                   /usr/share/locale-langpack/tr/LC_MESSAGES/libc.mo
7f4738087000-7f4738096000 r--s 000df000 08:01 5246091                    /home/oguz/Android/Sdk/build-tools/23.0.3/lib/dx.jar
7f4738096000-7f4738e40000 rw-p 00000000 00:00 0 
7f4738e40000-7f4739000000 ---p 00000000 00:00 0 
7f4739000000-7f47394d0000 rwxp 00000000 00:00 0 
7f47394d0000-7f4748000000 ---p 00000000 00:00 0 
7f4748000000-7f47483b2000 rw-p 00000000 00:00 0 
7f47483b2000-7f474c000000 ---p 00000000 00:00 0 
7f474c004000-7f474c00b000 r--s 00000000 08:01 10092992                   /usr/lib/x86_64-linux-gnu/gconv/gconv-modules.cache
7f474c00b000-7f474c2d3000 rw-p 00000000 00:00 0 
7f474c2d3000-7f474c4ac000 r--s 03d1f000 08:01 9967487                    /usr/lib/jvm/java-8-oracle/jre/lib/rt.jar
7f474c4ac000-7f474c722000 rw-p 00000000 00:00 0 
7f474c722000-7f474c723000 ---p 00000000 00:00 0 
7f474c723000-7f474c823000 rw-p 00000000 00:00 0 
7f474c823000-7f474c824000 ---p 00000000 00:00 0 
7f474c824000-7f474c924000 rw-p 00000000 00:00 0 
7f474c924000-7f474c925000 ---p 00000000 00:00 0 
7f474c925000-7f474ca25000 rw-p 00000000 00:00 0 
7f474ca25000-7f474ca26000 ---p 00000000 00:00 0 
7f474ca26000-7f474cb26000 rw-p 00000000 00:00 0 
7f474cb26000-7f474cb27000 ---p 00000000 00:00 0 
7f474cb27000-7f474cc27000 rw-p 00000000 00:00 0 
7f474cc27000-7f474cc28000 ---p 00000000 00:00 0 
7f474cc28000-7f474cd28000 rw-p 00000000 00:00 0 
7f474cd28000-7f474cd29000 ---p 00000000 00:00 0 
7f474cd29000-7f474ce29000 rw-p 00000000 00:00 0 
7f474ce29000-7f474ce2a000 ---p 00000000 00:00 0 
7f474ce2a000-7f474cf54000 rw-p 00000000 00:00 0 
7f474cf54000-7f474d080000 ---p 00000000 00:00 0 
7f474d080000-7f474d0aa000 rw-p 00000000 00:00 0 
7f474d0aa000-7f474d1d5000 ---p 00000000 00:00 0 
7f474d1d5000-7f474d1fa000 rw-p 00000000 00:00 0 
7f474d1fa000-7f474d280000 ---p 00000000 00:00 0 
7f474d280000-7f474d295000 rw-p 00000000 00:00 0 
7f474d295000-7f474d641000 ---p 00000000 00:00 0 
7f474d641000-7f474d65b000 r-xp 00000000 08:01 10092954                   /usr/lib/jvm/java-8-oracle/jre/lib/amd64/libzip.so
7f474d65b000-7f474d85b000 ---p 0001a000 08:01 10092954                   /usr/lib/jvm/java-8-oracle/jre/lib/amd64/libzip.so
7f474d85b000-7f474d85c000 rw-p 0001a000 08:01 10092954                   /usr/lib/jvm/java-8-oracle/jre/lib/amd64/libzip.so
7f474d85c000-7f474d867000 r-xp 00000000 08:01 7603299                    /lib/x86_64-linux-gnu/libnss_files-2.23.so
7f474d867000-7f474da66000 ---p 0000b000 08:01 7603299                    /lib/x86_64-linux-gnu/libnss_files-2.23.so
7f474da66000-7f474da67000 r--p 0000a000 08:01 7603299                    /lib/x86_64-linux-gnu/libnss_files-2.23.so
7f474da67000-7f474da68000 rw-p 0000b000 08:01 7603299                    /lib/x86_64-linux-gnu/libnss_files-2.23.so
7f474da68000-7f474da6e000 rw-p 00000000 00:00 0 
7f474da6e000-7f474da79000 r-xp 00000000 08:01 7603296                    /lib/x86_64-linux-gnu/libnss_nis-2.23.so
7f474da79000-7f474dc78000 ---p 0000b000 08:01 7603296                    /lib/x86_64-linux-gnu/libnss_nis-2.23.so
7f474dc78000-7f474dc79000 r--p 0000a000 08:01 7603296                    /lib/x86_64-linux-gnu/libnss_nis-2.23.so
7f474dc79000-7f474dc7a000 rw-p 0000b000 08:01 7603296                    /lib/x86_64-linux-gnu/libnss_nis-2.23.so
7f474dc7a000-7f474dc90000 r-xp 00000000 08:01 7603294                    /lib/x86_64-linux-gnu/libnsl-2.23.so
7f474dc90000-7f474de90000 ---p 00016000 08:01 7603294                    /lib/x86_64-linux-gnu/libnsl-2.23.so
7f474de90000-7f474de91000 r--p 00016000 08:01 7603294                    /lib/x86_64-linux-gnu/libnsl-2.23.so
7f474de91000-7f474de92000 rw-p 00017000 08:01 7603294                    /lib/x86_64-linux-gnu/libnsl-2.23.so
7f474de92000-7f474de94000 rw-p 00000000 00:00 0 
7f474de94000-7f474de9c000 r-xp 00000000 08:01 7603292                    /lib/x86_64-linux-gnu/libnss_compat-2.23.so
7f474de9c000-7f474e09b000 ---p 00008000 08:01 7603292                    /lib/x86_64-linux-gnu/libnss_compat-2.23.so
7f474e09b000-7f474e09c000 r--p 00007000 08:01 7603292                    /lib/x86_64-linux-gnu/libnss_compat-2.23.so
7f474e09c000-7f474e09d000 rw-p 00008000 08:01 7603292                    /lib/x86_64-linux-gnu/libnss_compat-2.23.so
7f474e09d000-7f474e0c7000 r-xp 00000000 08:01 10092949                   /usr/lib/jvm/java-8-oracle/jre/lib/amd64/libjava.so
7f474e0c7000-7f474e2c7000 ---p 0002a000 08:01 10092949                   /usr/lib/jvm/java-8-oracle/jre/lib/amd64/libjava.so
7f474e2c7000-7f474e2c9000 rw-p 0002a000 08:01 10092949                   /usr/lib/jvm/java-8-oracle/jre/lib/amd64/libjava.so
7f474e2c9000-7f474e2d6000 r-xp 00000000 08:01 10092953                   /usr/lib/jvm/java-8-oracle/jre/lib/amd64/libverify.so
7f474e2d6000-7f474e4d6000 ---p 0000d000 08:01 10092953                   /usr/lib/jvm/java-8-oracle/jre/lib/amd64/libverify.so
7f474e4d6000-7f474e4d8000 rw-p 0000d000 08:01 10092953                   /usr/lib/jvm/java-8-oracle/jre/lib/amd64/libverify.so
7f474e4d8000-7f474e4df000 r-xp 00000000 08:01 7603308                    /lib/x86_64-linux-gnu/librt-2.23.so
7f474e4df000-7f474e6de000 ---p 00007000 08:01 7603308                    /lib/x86_64-linux-gnu/librt-2.23.so
7f474e6de000-7f474e6df000 r--p 00006000 08:01 7603308                    /lib/x86_64-linux-gnu/librt-2.23.so
7f474e6df000-7f474e6e0000 rw-p 00007000 08:01 7603308                    /lib/x86_64-linux-gnu/librt-2.23.so
7f474e6e0000-7f474e7e8000 r-xp 00000000 08:01 7603305                    /lib/x86_64-linux-gnu/libm-2.23.so
7f474e7e8000-7f474e9e7000 ---p 00108000 08:01 7603305                    /lib/x86_64-linux-gnu/libm-2.23.so
7f474e9e7000-7f474e9e8000 r--p 00107000 08:01 7603305                    /lib/x86_64-linux-gnu/libm-2.23.so
7f474e9e8000-7f474e9e9000 rw-p 00108000 08:01 7603305                    /lib/x86_64-linux-gnu/libm-2.23.so
7f474e9e9000-7f474f6a9000 r-xp 00000000 08:01 10092932                   /usr/lib/jvm/java-8-oracle/jre/lib/amd64/server/libjvm.so
7f474f6a9000-7f474f8a9000 ---p 00cc0000 08:01 10092932                   /usr/lib/jvm/java-8-oracle/jre/lib/amd64/server/libjvm.so
7f474f8a9000-7f474f981000 rw-p 00cc0000 08:01 10092932                   /usr/lib/jvm/java-8-oracle/jre/lib/amd64/server/libjvm.so
7f474f981000-7f474f9cc000 rw-p 00000000 00:00 0 
7f474f9cc000-7f474fb8c000 r-xp 00000000 08:01 7603313                    /lib/x86_64-linux-gnu/libc-2.23.so
7f474fb8c000-7f474fd8c000 ---p 001c0000 08:01 7603313                    /lib/x86_64-linux-gnu/libc-2.23.so
7f474fd8c000-7f474fd90000 r--p 001c0000 08:01 7603313                    /lib/x86_64-linux-gnu/libc-2.23.so
7f474fd90000-7f474fd92000 rw-p 001c4000 08:01 7603313                    /lib/x86_64-linux-gnu/libc-2.23.so
7f474fd92000-7f474fd96000 rw-p 00000000 00:00 0 
7f474fd96000-7f474fd99000 r-xp 00000000 08:01 7603314                    /lib/x86_64-linux-gnu/libdl-2.23.so
7f474fd99000-7f474ff98000 ---p 00003000 08:01 7603314                    /lib/x86_64-linux-gnu/libdl-2.23.so
7f474ff98000-7f474ff99000 r--p 00002000 08:01 7603314                    /lib/x86_64-linux-gnu/libdl-2.23.so
7f474ff99000-7f474ff9a000 rw-p 00003000 08:01 7603314                    /lib/x86_64-linux-gnu/libdl-2.23.so
7f474ff9a000-7f474ffaf000 r-xp 00000000 08:01 9840182                    /usr/lib/jvm/java-8-oracle/lib/amd64/jli/libjli.so
7f474ffaf000-7f47501af000 ---p 00015000 08:01 9840182                    /usr/lib/jvm/java-8-oracle/lib/amd64/jli/libjli.so
7f47501af000-7f47501b0000 rw-p 00015000 08:01 9840182                    /usr/lib/jvm/java-8-oracle/lib/amd64/jli/libjli.so
7f47501b0000-7f47501c8000 r-xp 00000000 08:01 7603312                    /lib/x86_64-linux-gnu/libpthread-2.23.so
7f47501c8000-7f47503c7000 ---p 00018000 08:01 7603312                    /lib/x86_64-linux-gnu/libpthread-2.23.so
7f47503c7000-7f47503c8000 r--p 00017000 08:01 7603312                    /lib/x86_64-linux-gnu/libpthread-2.23.so
7f47503c8000-7f47503c9000 rw-p 00018000 08:01 7603312                    /lib/x86_64-linux-gnu/libpthread-2.23.so
7f47503c9000-7f47503cd000 rw-p 00000000 00:00 0 
7f47503cd000-7f47503f3000 r-xp 00000000 08:01 7603309                    /lib/x86_64-linux-gnu/ld-2.23.so
7f47503f4000-7f47503f9000 r--s 00042000 08:01 5515463                    /home/oguz/AndroidStudioProjects/FomApplicationAndroid-master/app/build/intermediates/exploded-aar/com.android.support/recyclerview-v7/23.1.1/jars/classes.jar
7f47503f9000-7f47504cb000 rw-p 00000000 00:00 0 
7f47504cb000-7f47504ce000 ---p 00000000 00:00 0 
7f47504ce000-7f47505d0000 rw-p 00000000 00:00 0 
7f47505d2000-7f47505e6000 rw-p 00000000 00:00 0 
7f47505e6000-7f47505ee000 rw-s 00000000 08:01 161049                     /tmp/hsperfdata_oguz/23724
7f47505ee000-7f47505ef000 rw-p 00000000 00:00 0 
7f47505ef000-7f47505f0000 ---p 00000000 00:00 0 
7f47505f0000-7f47505f2000 rw-p 00000000 00:00 0 
7f47505f2000-7f47505f3000 r--p 00025000 08:01 7603309                    /lib/x86_64-linux-gnu/ld-2.23.so
7f47505f3000-7f47505f4000 rw-p 00026000 08:01 7603309                    /lib/x86_64-linux-gnu/ld-2.23.so
7f47505f4000-7f47505f5000 rw-p 00000000 00:00 0 
7fff8952d000-7fff8954e000 rw-p 00000000 00:00 0                          [stack]
7fff8955d000-7fff8955f000 r--p 00000000 00:00 0                          [vvar]
7fff8955f000-7fff89561000 r-xp 00000000 00:00 0                          [vdso]
ffffffffff600000-ffffffffff601000 r-xp 00000000 00:00 0                  [vsyscall]

VM Arguments:
jvm_args: -Djava.awt.headless=true -Xmx1024M -Dfile.encoding=UTF-8 -Duser.country=TR -Duser.language=tr -Duser.variant 
java_command: com.android.dx.command.Main --dex --force-jumbo --num-threads=4 --multi-dex --output /home/oguz/AndroidStudioProjects/FomApplicationAndroid-master/app/build/intermediates/transforms/dex/debug/folders/1000/10/com.android.support-recyclerview-v7-23.1.1_24b1d1c0c343fe7b5cb1039f7e710bdc825795f4 /home/oguz/AndroidStudioProjects/FomApplicationAndroid-master/app/build/intermediates/exploded-aar/com.android.support/recyclerview-v7/23.1.1/jars/classes.jar
java_class_path (initial): /home/oguz/Android/Sdk/build-tools/23.0.3/lib/dx.jar
Launcher Type: SUN_STANDARD

Environment Variables:
PATH=/usr/local/sbin:/usr/local/bin:/usr/sbin:/usr/bin:/sbin:/bin:/usr/games:/usr/local/games:/snap/bin
LD_LIBRARY_PATH=/home/oguz/Masaüstü/Derleyiciler/android-studio/bin:
SHELL=/bin/bash
DISPLAY=:0

Signal Handlers:
SIGSEGV: [libjvm.so+0xabca10], sa_mask[0]=11111111011111111101111111111110, sa_flags=SA_RESTART|SA_SIGINFO
SIGBUS: [libjvm.so+0xabca10], sa_mask[0]=11111111011111111101111111111110, sa_flags=SA_RESTART|SA_SIGINFO
SIGFPE: [libjvm.so+0x919a20], sa_mask[0]=11111111011111111101111111111110, sa_flags=SA_RESTART|SA_SIGINFO
SIGPIPE: [libjvm.so+0x919a20], sa_mask[0]=11111111011111111101111111111110, sa_flags=SA_RESTART|SA_SIGINFO
SIGXFSZ: [libjvm.so+0x919a20], sa_mask[0]=11111111011111111101111111111110, sa_flags=SA_RESTART|SA_SIGINFO
SIGILL: [libjvm.so+0x919a20], sa_mask[0]=11111111011111111101111111111110, sa_flags=SA_RESTART|SA_SIGINFO
SIGUSR1: SIG_DFL, sa_mask[0]=00000000000000000000000000000000, sa_flags=none
SIGUSR2: [libjvm.so+0x91b050], sa_mask[0]=00100000000000000000000000000000, sa_flags=SA_RESTART|SA_SIGINFO
SIGHUP: [libjvm.so+0x91c450], sa_mask[0]=11111111011111111101111111111110, sa_flags=SA_RESTART|SA_SIGINFO
SIGINT: [libjvm.so+0x91c450], sa_mask[0]=11111111011111111101111111111110, sa_flags=SA_RESTART|SA_SIGINFO
SIGTERM: [libjvm.so+0x91c450], sa_mask[0]=11111111011111111101111111111110, sa_flags=SA_RESTART|SA_SIGINFO
SIGQUIT: [libjvm.so+0x91c450], sa_mask[0]=11111111011111111101111111111110, sa_flags=SA_RESTART|SA_SIGINFO


---------------  S Y S T E M  ---------------

OS:DISTRIB_ID=Ubuntu
DISTRIB_RELEASE=16.04
DISTRIB_CODENAME=xenial
DISTRIB_DESCRIPTION="Ubuntu Xenial Xerus (development branch)"

uname:Linux 4.4.0-22-generic #39-Ubuntu SMP Thu May 5 16:53:32 UTC 2016 x86_64
libc:glibc 2.23 NPTL 2.23 
rlimit: STACK 8192k, CORE 0k, NPROC 31498, NOFILE 65536, AS infinity
load average:4,11 1,25 0,77

/proc/meminfo:
MemTotal:        8101800 kB
MemFree:           53272 kB
MemAvailable:      77536 kB
Buffers:             396 kB
Cached:           381788 kB
SwapCached:            0 kB
Active:          7485384 kB
Inactive:         344736 kB
Active(anon):    7481268 kB
Inactive(anon):   340800 kB
Active(file):       4116 kB
Inactive(file):     3936 kB
Unevictable:          88 kB
Mlocked:              88 kB
SwapTotal:             0 kB
SwapFree:              0 kB
Dirty:               156 kB
Writeback:             0 kB
AnonPages:       7449168 kB
Mapped:            99288 kB
Shmem:            372988 kB
Slab:             100144 kB
SReclaimable:      48484 kB
SUnreclaim:        51660 kB
KernelStack:       17248 kB
PageTables:        54604 kB
NFS_Unstable:          0 kB
Bounce:                0 kB
WritebackTmp:          0 kB
CommitLimit:     4050900 kB
Committed_AS:   12546532 kB
VmallocTotal:   34359738367 kB
VmallocUsed:           0 kB
VmallocChunk:          0 kB
HardwareCorrupted:     0 kB
AnonHugePages:   4364288 kB
CmaTotal:              0 kB
CmaFree:               0 kB
HugePages_Total:       0
HugePages_Free:        0
HugePages_Rsvd:        0
HugePages_Surp:        0
Hugepagesize:       2048 kB
DirectMap4k:      176896 kB
DirectMap2M:     7090176 kB
DirectMap1G:     2097152 kB


CPU:total 8 (4 cores per cpu, 2 threads per core) family 6 model 60 stepping 3, cmov, cx8, fxsr, mmx, sse, sse2, sse3, ssse3, sse4.1, sse4.2, popcnt, avx, avx2, aes, clmul, erms, lzcnt, ht, tsc, tscinvbit, bmi1, bmi2

/proc/cpuinfo:
processor	: 0
vendor_id	: GenuineIntel
cpu family	: 6
model		: 60
model name	: Intel(R) Core(TM) i7-4700MQ CPU @ 2.40GHz
stepping	: 3
microcode	: 0x16
cpu MHz		: 2591.718
cache size	: 6144 KB
physical id	: 0
siblings	: 8
core id		: 0
cpu cores	: 4
apicid		: 0
initial apicid	: 0
fpu		: yes
fpu_exception	: yes
cpuid level	: 13
wp		: yes
flags		: fpu vme de pse tsc msr pae mce cx8 apic sep mtrr pge mca cmov pat pse36 clflush dts acpi mmx fxsr sse sse2 ss ht tm pbe syscall nx pdpe1gb rdtscp lm constant_tsc arch_perfmon pebs bts rep_good nopl xtopology nonstop_tsc aperfmperf eagerfpu pni pclmulqdq dtes64 monitor ds_cpl vmx est tm2 ssse3 sdbg fma cx16 xtpr pdcm pcid sse4_1 sse4_2 movbe popcnt tsc_deadline_timer aes xsave avx f16c rdrand lahf_lm abm epb tpr_shadow vnmi flexpriority ept vpid fsgsbase tsc_adjust bmi1 avx2 smep bmi2 erms invpcid xsaveopt dtherm ida arat pln pts
bugs		:
bogomips	: 4789.17
clflush size	: 64
cache_alignment	: 64
address sizes	: 39 bits physical, 48 bits virtual
power management:

processor	: 1
vendor_id	: GenuineIntel
cpu family	: 6
model		: 60
model name	: Intel(R) Core(TM) i7-4700MQ CPU @ 2.40GHz
stepping	: 3
microcode	: 0x16
cpu MHz		: 2796.375
cache size	: 6144 KB
physical id	: 0
siblings	: 8
core id		: 0
cpu cores	: 4
apicid		: 1
initial apicid	: 1
fpu		: yes
fpu_exception	: yes
cpuid level	: 13
wp		: yes
flags		: fpu vme de pse tsc msr pae mce cx8 apic sep mtrr pge mca cmov pat pse36 clflush dts acpi mmx fxsr sse sse2 ss ht tm pbe syscall nx pdpe1gb rdtscp lm constant_tsc arch_perfmon pebs bts rep_good nopl xtopology nonstop_tsc aperfmperf eagerfpu pni pclmulqdq dtes64 monitor ds_cpl vmx est tm2 ssse3 sdbg fma cx16 xtpr pdcm pcid sse4_1 sse4_2 movbe popcnt tsc_deadline_timer aes xsave avx f16c rdrand lahf_lm abm epb tpr_shadow vnmi flexpriority ept vpid fsgsbase tsc_adjust bmi1 avx2 smep bmi2 erms invpcid xsaveopt dtherm ida arat pln pts
bugs		:
bogomips	: 4789.17
clflush size	: 64
cache_alignment	: 64
address sizes	: 39 bits physical, 48 bits virtual
power management:

processor	: 2
vendor_id	: GenuineIntel
cpu family	: 6
model		: 60
model name	: Intel(R) Core(TM) i7-4700MQ CPU @ 2.40GHz
stepping	: 3
microcode	: 0x16
cpu MHz		: 2547.843
cache size	: 6144 KB
physical id	: 0
siblings	: 8
core id		: 1
cpu cores	: 4
apicid		: 2
initial apicid	: 2
fpu		: yes
fpu_exception	: yes
cpuid level	: 13
wp		: yes
flags		: fpu vme de pse tsc msr pae mce cx8 apic sep mtrr pge mca cmov pat pse36 clflush dts acpi mmx fxsr sse sse2 ss ht tm pbe syscall nx pdpe1gb rdtscp lm constant_tsc arch_perfmon pebs bts rep_good nopl xtopology nonstop_tsc aperfmperf eagerfpu pni pclmulqdq dtes64 monitor ds_cpl vmx est tm2 ssse3 sdbg fma cx16 xtpr pdcm pcid sse4_1 sse4_2 movbe popcnt tsc_deadline_timer aes xsave avx f16c rdrand lahf_lm abm epb tpr_shadow vnmi flexpriority ept vpid fsgsbase tsc_adjust bmi1 avx2 smep bmi2 erms invpcid xsaveopt dtherm ida arat pln pts
bugs		:
bogomips	: 4789.17
clflush size	: 64
cache_alignment	: 64
address sizes	: 39 bits physical, 48 bits virtual
power management:

processor	: 3
vendor_id	: GenuineIntel
cpu family	: 6
model		: 60
model name	: Intel(R) Core(TM) i7-4700MQ CPU @ 2.40GHz
stepping	: 3
microcode	: 0x16
cpu MHz		: 2614.312
cache size	: 6144 KB
physical id	: 0
siblings	: 8
core id		: 1
cpu cores	: 4
apicid		: 3
initial apicid	: 3
fpu		: yes
fpu_exception	: yes
cpuid level	: 13
wp		: yes
flags		: fpu vme de pse tsc msr pae mce cx8 apic sep mtrr pge mca cmov pat pse36 clflush dts acpi mmx fxsr sse sse2 ss ht tm pbe syscall nx pdpe1gb rdtscp lm constant_tsc arch_perfmon pebs bts rep_good nopl xtopology nonstop_tsc aperfmperf eagerfpu pni pclmulqdq dtes64 monitor ds_cpl vmx est tm2 ssse3 sdbg fma cx16 xtpr pdcm pcid sse4_1 sse4_2 movbe popcnt tsc_deadline_timer aes xsave avx f16c rdrand lahf_lm abm epb tpr_shadow vnmi flexpriority ept vpid fsgsbase tsc_adjust bmi1 avx2 smep bmi2 erms invpcid xsaveopt dtherm ida arat pln pts
bugs		:
bogomips	: 4789.17
clflush size	: 64
cache_alignment	: 64
address sizes	: 39 bits physical, 48 bits virtual
power management:

processor	: 4
vendor_id	: GenuineIntel
cpu family	: 6
model		: 60
model name	: Intel(R) Core(TM) i7-4700MQ CPU @ 2.40GHz
stepping	: 3
microcode	: 0x16
cpu MHz		: 2649.937
cache size	: 6144 KB
physical id	: 0
siblings	: 8
core id		: 2
cpu cores	: 4
apicid		: 4
initial apicid	: 4
fpu		: yes
fpu_exception	: yes
cpuid level	: 13
wp		: yes
flags		: fpu vme de pse tsc msr pae mce cx8 apic sep mtrr pge mca cmov pat pse36 clflush dts acpi mmx fxsr sse sse2 ss ht tm pbe syscall nx pdpe1gb rdtscp lm constant_tsc arch_perfmon pebs bts rep_good nopl xtopology nonstop_tsc aperfmperf eagerfpu pni pclmulqdq dtes64 monitor ds_cpl vmx est tm2 ssse3 sdbg fma cx16 xtpr pdcm pcid sse4_1 sse4_2 movbe popcnt tsc_deadline_timer aes xsave avx f16c rdrand lahf_lm abm epb tpr_shadow vnmi flexpriority ept vpid fsgsbase tsc_adjust bmi1 avx2 smep bmi2 erms invpcid xsaveopt dtherm ida arat pln pts
bugs		:
bogomips	: 4789.17
clflush size	: 64
cache_alignment	: 64
address sizes	: 39 bits physical, 48 bits virtual
power management:

processor	: 5
vendor_id	: GenuineIntel
cpu family	: 6
model		: 60
model name	: Intel(R) Core(TM) i7-4700MQ CPU @ 2.40GHz
stepping	: 3
microcode	: 0x16
cpu MHz		: 2704.500
cache size	: 6144 KB
physical id	: 0
siblings	: 8
core id		: 2
cpu cores	: 4
apicid		: 5
initial apicid	: 5
fpu		: yes
fpu_exception	: yes
cpuid level	: 13
wp		: yes
flags		: fpu vme de pse tsc msr pae mce cx8 apic sep mtrr pge mca cmov pat pse36 clflush dts acpi mmx fxsr sse sse2 ss ht tm pbe syscall nx pdpe1gb rdtscp lm constant_tsc arch_perfmon pebs bts rep_good nopl xtopology nonstop_tsc aperfmperf eagerfpu pni pclmulqdq dtes64 monitor ds_cpl vmx est tm2 ssse3 sdbg fma cx16 xtpr pdcm pcid sse4_1 sse4_2 movbe popcnt tsc_deadline_timer aes xsave avx f16c rdrand lahf_lm abm epb tpr_shadow vnmi flexpriority ept vpid fsgsbase tsc_adjust bmi1 avx2 smep bmi2 erms invpcid xsaveopt dtherm ida arat pln pts
bugs		:
bogomips	: 4789.17
clflush size	: 64
cache_alignment	: 64
address sizes	: 39 bits physical, 48 bits virtual
power management:

processor	: 6
vendor_id	: GenuineIntel
cpu family	: 6
model		: 60
model name	: Intel(R) Core(TM) i7-4700MQ CPU @ 2.40GHz
stepping	: 3
microcode	: 0x16
cpu MHz		: 2560.031
cache size	: 6144 KB
physical id	: 0
siblings	: 8
core id		: 3
cpu cores	: 4
apicid		: 6
initial apicid	: 6
fpu		: yes
fpu_exception	: yes
cpuid level	: 13
wp		: yes
flags		: fpu vme de pse tsc msr pae mce cx8 apic sep mtrr pge mca cmov pat pse36 clflush dts acpi mmx fxsr sse sse2 ss ht tm pbe syscall nx pdpe1gb rdtscp lm constant_tsc arch_perfmon pebs bts rep_good nopl xtopology nonstop_tsc aperfmperf eagerfpu pni pclmulqdq dtes64 monitor ds_cpl vmx est tm2 ssse3 sdbg fma cx16 xtpr pdcm pcid sse4_1 sse4_2 movbe popcnt tsc_deadline_timer aes xsave avx f16c rdrand lahf_lm abm epb tpr_shadow vnmi flexpriority ept vpid fsgsbase tsc_adjust bmi1 avx2 smep bmi2 erms invpcid xsaveopt dtherm ida arat pln pts
bugs		:
bogomips	: 4789.17
clflush size	: 64
cache_alignment	: 64
address sizes	: 39 bits physical, 48 bits virtual
power management:

processor	: 7
vendor_id	: GenuineIntel
cpu family	: 6
model		: 60
model name	: Intel(R) Core(TM) i7-4700MQ CPU @ 2.40GHz
stepping	: 3
microcode	: 0x16
cpu MHz		: 2551.406
cache size	: 6144 KB
physical id	: 0
siblings	: 8
core id		: 3
cpu cores	: 4
apicid		: 7
initial apicid	: 7
fpu		: yes
fpu_exception	: yes
cpuid level	: 13
wp		: yes
flags		: fpu vme de pse tsc msr pae mce cx8 apic sep mtrr pge mca cmov pat pse36 clflush dts acpi mmx fxsr sse sse2 ss ht tm pbe syscall nx pdpe1gb rdtscp lm constant_tsc arch_perfmon pebs bts rep_good nopl xtopology nonstop_tsc aperfmperf eagerfpu pni pclmulqdq dtes64 monitor ds_cpl vmx est tm2 ssse3 sdbg fma cx16 xtpr pdcm pcid sse4_1 sse4_2 movbe popcnt tsc_deadline_timer aes xsave avx f16c rdrand lahf_lm abm epb tpr_shadow vnmi flexpriority ept vpid fsgsbase tsc_adjust bmi1 avx2 smep bmi2 erms invpcid xsaveopt dtherm ida arat pln pts
bugs		:
bogomips	: 4789.17
clflush size	: 64
cache_alignment	: 64
address sizes	: 39 bits physical, 48 bits virtual
power management:



Memory: 4k page, physical 8101800k(52160k free), swap 0k(0k free)

vm_info: Java HotSpot(TM) 64-Bit Server VM (25.91-b14) for linux-amd64 JRE (1.8.0_91-b14), built on Apr  1 2016 00:57:21 by "java_re" with gcc 4.3.0 20080428 (Red Hat 4.3.0-8)

time: Mon Jul 25 15:44:07 2016
elapsed time: 9 seconds (0d 0h 0m 9s)

