#
# There is insufficient memory for the Java Runtime Environment to continue.
# Native memory allocation (mmap) failed to map 168820736 bytes for committing reserved memory.
# Possible reasons:
#   The system is out of physical RAM or swap space
#   In 32 bit mode, the process size limit was hit
# Possible solutions:
#   Reduce memory load on the system
#   Increase physical memory or swap space
#   Check if swap backing store is full
#   Use 64 bit Java on a 64 bit OS
#   Decrease Java heap size (-Xmx/-Xms)
#   Decrease number of Java threads
#   Decrease Java thread stack sizes (-Xss)
#   Set larger code cache with -XX:ReservedCodeCacheSize=
# This output file may be truncated or incomplete.
#
#  Out of Memory Error (os_linux.cpp:2627), pid=16147, tid=140296317503232
#
# JRE version: Java(TM) SE Runtime Environment (8.0_91-b14) (build 1.8.0_91-b14)
# Java VM: Java HotSpot(TM) 64-Bit Server VM (25.91-b14 mixed mode linux-amd64 compressed oops)
# Failed to write core dump. Core dumps have been disabled. To enable core dumping, try "ulimit -c unlimited" before starting Java again
#

---------------  T H R E A D  ---------------

Current thread (0x00007f9958080000):  VMThread [stack: 0x00007f99481b0000,0x00007f99482b1000] [id=16169]

Stack: [0x00007f99481b0000,0x00007f99482b1000],  sp=0x00007f99482af1a0,  free space=1020k
Native frames: (J=compiled Java code, j=interpreted, Vv=VM code, C=native code)
V  [libjvm.so+0xabc18a]  VMError::report_and_die()+0x2ba
V  [libjvm.so+0x4fafeb]  report_vm_out_of_memory(char const*, int, unsigned long, VMErrorType, char const*)+0x8b
V  [libjvm.so+0x91cbb3]  os::Linux::commit_memory_impl(char*, unsigned long, bool)+0x103
V  [libjvm.so+0x91d109]  os::pd_commit_memory(char*, unsigned long, unsigned long, bool)+0x29
V  [libjvm.so+0x91740a]  os::commit_memory(char*, unsigned long, unsigned long, bool)+0x2a
V  [libjvm.so+0x98b033]  PSVirtualSpace::expand_by(unsigned long)+0x53
V  [libjvm.so+0x98c438]  PSYoungGen::resize_generation(unsigned long, unsigned long)+0xf8
V  [libjvm.so+0x98b592]  PSYoungGen::resize(unsigned long, unsigned long)+0x22
V  [libjvm.so+0x98886b]  PSScavenge::invoke_no_policy()+0xf3b
V  [libjvm.so+0x988ff1]  PSScavenge::invoke()+0x41
V  [libjvm.so+0x9408b0]  ParallelScavengeHeap::failed_mem_allocate(unsigned long)+0x70
V  [libjvm.so+0xabdba7]  VM_ParallelGCFailedAllocation::doit()+0x97
V  [libjvm.so+0xac55d5]  VM_Operation::evaluate()+0x55
V  [libjvm.so+0xac39aa]  VMThread::evaluate_operation(VM_Operation*)+0xba
V  [libjvm.so+0xac3d2e]  VMThread::loop()+0x1ce
V  [libjvm.so+0xac41a0]  VMThread::run()+0x70
V  [libjvm.so+0x91ef78]  java_start(Thread*)+0x108

VM_Operation (0x00007f9940fb9bd0): ParallelGCFailedAllocation, mode: safepoint, requested by thread 0x00007f99581c2000


---------------  P R O C E S S  ---------------

Java Threads: ( => current thread )
  0x00007f99581c2000 JavaThread "pool-2-thread-4" [_thread_blocked, id=16225, stack(0x00007f9940ebb000,0x00007f9940fbc000)]
  0x00007f99581bf800 JavaThread "pool-2-thread-2" [_thread_blocked, id=16223, stack(0x00007f99410bd000,0x00007f99411be000)]
  0x00007f99581bd800 JavaThread "pool-3-thread-1" [_thread_blocked, id=16222, stack(0x00007f99411be000,0x00007f99412bf000)]
  0x00007f99580ca800 JavaThread "Service Thread" daemon [_thread_blocked, id=16183, stack(0x00007f99414c1000,0x00007f99415c2000)]
  0x00007f99580c8000 JavaThread "C1 CompilerThread3" daemon [_thread_blocked, id=16182, stack(0x00007f99415c2000,0x00007f99416c3000)]
  0x00007f99580c5800 JavaThread "C2 CompilerThread2" daemon [_thread_blocked, id=16181, stack(0x00007f99416c3000,0x00007f99417c4000)]
  0x00007f99580c4000 JavaThread "C2 CompilerThread1" daemon [_thread_blocked, id=16179, stack(0x00007f99417c4000,0x00007f99418c5000)]
  0x00007f99580c1000 JavaThread "C2 CompilerThread0" daemon [_thread_in_native, id=16178, stack(0x00007f99418c5000,0x00007f99419c6000)]
  0x00007f99580bf800 JavaThread "Signal Dispatcher" daemon [_thread_blocked, id=16175, stack(0x00007f99419c6000,0x00007f9941ac7000)]
  0x00007f995808c800 JavaThread "Finalizer" daemon [_thread_blocked, id=16171, stack(0x00007f9941eff000,0x00007f9942000000)]
  0x00007f9958087800 JavaThread "Reference Handler" daemon [_thread_blocked, id=16170, stack(0x00007f99480af000,0x00007f99481b0000)]
  0x00007f995800a000 JavaThread "main" [_thread_blocked, id=16151, stack(0x00007f9961905000,0x00007f9961a06000)]

Other Threads:
=>0x00007f9958080000 VMThread [stack: 0x00007f99481b0000,0x00007f99482b1000] [id=16169]
  0x00007f99580cd800 WatcherThread [stack: 0x00007f99413c0000,0x00007f99414c1000] [id=16184]

VM state:at safepoint (normal execution)

VM Mutex/Monitor currently owned by a thread:  ([mutex/lock_event])
[0x00007f99580065b0] Threads_lock - owner thread: 0x00007f9958080000
[0x00007f9958006ab0] Heap_lock - owner thread: 0x00007f99581c2000

Heap:
 PSYoungGen      total 132096K, used 5108K [0x00000000eab00000, 0x00000000f3100000, 0x0000000100000000)
  eden space 126976K, 0% used [0x00000000eab00000,0x00000000eab00000,0x00000000f2700000)
  from space 5120K, 99% used [0x00000000f2700000,0x00000000f2bfd198,0x00000000f2c00000)
  to   space 5120K, 0% used [0x00000000f2c00000,0x00000000f2c00000,0x00000000f3100000)
 ParOldGen       total 84992K, used 40114K [0x00000000c0000000, 0x00000000c5300000, 0x00000000eab00000)
  object space 84992K, 47% used [0x00000000c0000000,0x00000000c272ca60,0x00000000c5300000)
 Metaspace       used 6368K, capacity 7192K, committed 7424K, reserved 1056768K
  class space    used 617K, capacity 656K, committed 768K, reserved 1048576K

Card table byte_map: [0x00007f995e4ba000,0x00007f995e6bb000] byte_map_base: 0x00007f995deba000

Marking Bits: (ParMarkBitMap*) 0x00007f9960dd9d60
 Begin Bits: [0x00007f9942000000, 0x00007f9943000000)
 End Bits:   [0x00007f9943000000, 0x00007f9944000000)

Polling page: 0x00007f9961a29000

CodeCache: size=245760Kb used=6804Kb max_used=6822Kb free=238955Kb
 bounds [0x00007f9949000000, 0x00007f99496b0000, 0x00007f9958000000]
 total_blobs=2073 nmethods=1805 adapters=182
 compilation: enabled

Compilation events (10 events):
Event: 4,267 Thread 0x00007f99580c8000 1949       2       java.util.TreeMap$EntrySet::iterator (19 bytes)
Event: 4,268 Thread 0x00007f99580c8000 nmethod 1949 0x00007f99496a3910 code [0x00007f99496a3a80, 0x00007f99496a3cf0]
Event: 4,268 Thread 0x00007f99580c8000 1950       2       java.util.TreeMap::entrySet (27 bytes)
Event: 4,268 Thread 0x00007f99580c8000 nmethod 1950 0x00007f99496a3e50 code [0x00007f99496a3fc0, 0x00007f99496a4190]
Event: 4,269 Thread 0x00007f99580c8000 1952       2       com.android.dx.rop.code.RegisterSpecList::indexOfRegister (38 bytes)
Event: 4,270 Thread 0x00007f99580c8000 nmethod 1952 0x00007f99496a4210 code [0x00007f99496a4380, 0x00007f99496a45e8]
Event: 4,329 Thread 0x00007f99580c4000 nmethod 1883 0x00007f99496a9450 code [0x00007f99496a9760, 0x00007f99496ab7a8]
Event: 4,329 Thread 0x00007f99580c4000 1932       4       com.android.dx.rop.code.LocalVariableExtractor::processBlock (327 bytes)
Event: 4,332 Thread 0x00007f99580c8000 1954       2       com.android.dx.cf.code.SwitchList::add (35 bytes)
Event: 4,332 Thread 0x00007f99580c8000 nmethod 1954 0x00007f99496a8d50 code [0x00007f99496a8f00, 0x00007f99496a9238]

GC Heap History (9 events):
Event: 1,422 GC heap before
{Heap before GC invocations=1 (full 0):
 PSYoungGen      total 36864K, used 31744K [0x00000000eab00000, 0x00000000ed400000, 0x0000000100000000)
  eden space 31744K, 100% used [0x00000000eab00000,0x00000000eca00000,0x00000000eca00000)
  from space 5120K, 0% used [0x00000000ecf00000,0x00000000ecf00000,0x00000000ed400000)
  to   space 5120K, 0% used [0x00000000eca00000,0x00000000eca00000,0x00000000ecf00000)
 ParOldGen       total 84992K, used 0K [0x00000000c0000000, 0x00000000c5300000, 0x00000000eab00000)
  object space 84992K, 0% used [0x00000000c0000000,0x00000000c0000000,0x00000000c5300000)
 Metaspace       used 5811K, capacity 6768K, committed 7040K, reserved 1056768K
  class space    used 595K, capacity 616K, committed 640K, reserved 1048576K
Event: 1,475 GC heap after
Heap after GC invocations=1 (full 0):
 PSYoungGen      total 36864K, used 5098K [0x00000000eab00000, 0x00000000ef300000, 0x0000000100000000)
  eden space 31744K, 0% used [0x00000000eab00000,0x00000000eab00000,0x00000000eca00000)
  from space 5120K, 99% used [0x00000000eca00000,0x00000000ecefa958,0x00000000ecf00000)
  to   space 5120K, 0% used [0x00000000eee00000,0x00000000eee00000,0x00000000ef300000)
 ParOldGen       total 84992K, used 1145K [0x00000000c0000000, 0x00000000c5300000, 0x00000000eab00000)
  object space 84992K, 1% used [0x00000000c0000000,0x00000000c011e6b8,0x00000000c5300000)
 Metaspace       used 5811K, capacity 6768K, committed 7040K, reserved 1056768K
  class space    used 595K, capacity 616K, committed 640K, reserved 1048576K
}
Event: 1,979 GC heap before
{Heap before GC invocations=2 (full 0):
 PSYoungGen      total 36864K, used 36842K [0x00000000eab00000, 0x00000000ef300000, 0x0000000100000000)
  eden space 31744K, 100% used [0x00000000eab00000,0x00000000eca00000,0x00000000eca00000)
  from space 5120K, 99% used [0x00000000eca00000,0x00000000ecefa958,0x00000000ecf00000)
  to   space 5120K, 0% used [0x00000000eee00000,0x00000000eee00000,0x00000000ef300000)
 ParOldGen       total 84992K, used 1145K [0x00000000c0000000, 0x00000000c5300000, 0x00000000eab00000)
  object space 84992K, 1% used [0x00000000c0000000,0x00000000c011e6b8,0x00000000c5300000)
 Metaspace       used 6129K, capacity 7000K, committed 7168K, reserved 1056768K
  class space    used 616K, capacity 656K, committed 768K, reserved 1048576K
Event: 2,039 GC heap after
Heap after GC invocations=2 (full 0):
 PSYoungGen      total 68608K, used 5115K [0x00000000eab00000, 0x00000000ef300000, 0x0000000100000000)
  eden space 63488K, 0% used [0x00000000eab00000,0x00000000eab00000,0x00000000ee900000)
  from space 5120K, 99% used [0x00000000eee00000,0x00000000ef2fecc0,0x00000000ef300000)
  to   space 5120K, 0% used [0x00000000ee900000,0x00000000ee900000,0x00000000eee00000)
 ParOldGen       total 84992K, used 5040K [0x00000000c0000000, 0x00000000c5300000, 0x00000000eab00000)
  object space 84992K, 5% used [0x00000000c0000000,0x00000000c04ec328,0x00000000c5300000)
 Metaspace       used 6129K, capacity 7000K, committed 7168K, reserved 1056768K
  class space    used 616K, capacity 656K, committed 768K, reserved 1048576K
}
Event: 2,807 GC heap before
{Heap before GC invocations=3 (full 0):
 PSYoungGen      total 68608K, used 68603K [0x00000000eab00000, 0x00000000ef300000, 0x0000000100000000)
  eden space 63488K, 100% used [0x00000000eab00000,0x00000000ee900000,0x00000000ee900000)
  from space 5120K, 99% used [0x00000000eee00000,0x00000000ef2fecc0,0x00000000ef300000)
  to   space 5120K, 0% used [0x00000000ee900000,0x00000000ee900000,0x00000000eee00000)
 ParOldGen       total 84992K, used 5040K [0x00000000c0000000, 0x00000000c5300000, 0x00000000eab00000)
  object space 84992K, 5% used [0x00000000c0000000,0x00000000c04ec328,0x00000000c5300000)
 Metaspace       used 6209K, capacity 7064K, committed 7424K, reserved 1056768K
  class space    used 617K, capacity 656K, committed 768K, reserved 1048576K
Event: 2,876 GC heap after
Heap after GC invocations=3 (full 0):
 PSYoungGen      total 68608K, used 5088K [0x00000000eab00000, 0x00000000f3100000, 0x0000000100000000)
  eden space 63488K, 0% used [0x00000000eab00000,0x00000000eab00000,0x00000000ee900000)
  from space 5120K, 99% used [0x00000000ee900000,0x00000000eedf8330,0x00000000eee00000)
  to   space 5120K, 0% used [0x00000000f2c00000,0x00000000f2c00000,0x00000000f3100000)
 ParOldGen       total 84992K, used 14397K [0x00000000c0000000, 0x00000000c5300000, 0x00000000eab00000)
  object space 84992K, 16% used [0x00000000c0000000,0x00000000c0e0f6c8,0x00000000c5300000)
 Metaspace       used 6209K, capacity 7064K, committed 7424K, reserved 1056768K
  class space    used 617K, capacity 656K, committed 768K, reserved 1048576K
}
Event: 3,400 GC heap before
{Heap before GC invocations=4 (full 0):
 PSYoungGen      total 68608K, used 68576K [0x00000000eab00000, 0x00000000f3100000, 0x0000000100000000)
  eden space 63488K, 100% used [0x00000000eab00000,0x00000000ee900000,0x00000000ee900000)
  from space 5120K, 99% used [0x00000000ee900000,0x00000000eedf8330,0x00000000eee00000)
  to   space 5120K, 0% used [0x00000000f2c00000,0x00000000f2c00000,0x00000000f3100000)
 ParOldGen       total 84992K, used 14397K [0x00000000c0000000, 0x00000000c5300000, 0x00000000eab00000)
  object space 84992K, 16% used [0x00000000c0000000,0x00000000c0e0f6c8,0x00000000c5300000)
 Metaspace       used 6294K, capacity 7128K, committed 7424K, reserved 1056768K
  class space    used 617K, capacity 656K, committed 768K, reserved 1048576K
Event: 3,468 GC heap after
Heap after GC invocations=4 (full 0):
 PSYoungGen      total 132096K, used 5095K [0x00000000eab00000, 0x00000000f3100000, 0x0000000100000000)
  eden space 126976K, 0% used [0x00000000eab00000,0x00000000eab00000,0x00000000f2700000)
  from space 5120K, 99% used [0x00000000f2c00000,0x00000000f30f9c38,0x00000000f3100000)
  to   space 5120K, 0% used [0x00000000f2700000,0x00000000f2700000,0x00000000f2c00000)
 ParOldGen       total 84992K, used 22778K [0x00000000c0000000, 0x00000000c5300000, 0x00000000eab00000)
  object space 84992K, 26% used [0x00000000c0000000,0x00000000c163eb08,0x00000000c5300000)
 Metaspace       used 6294K, capacity 7128K, committed 7424K, reserved 1056768K
  class space    used 617K, capacity 656K, committed 768K, reserved 1048576K
}
Event: 4,445 GC heap before
{Heap before GC invocations=5 (full 0):
 PSYoungGen      total 132096K, used 132071K [0x00000000eab00000, 0x00000000f3100000, 0x0000000100000000)
  eden space 126976K, 100% used [0x00000000eab00000,0x00000000f2700000,0x00000000f2700000)
  from space 5120K, 99% used [0x00000000f2c00000,0x00000000f30f9c38,0x00000000f3100000)
  to   space 5120K, 0% used [0x00000000f2700000,0x00000000f2700000,0x00000000f2c00000)
 ParOldGen       total 84992K, used 22778K [0x00000000c0000000, 0x00000000c5300000, 0x00000000eab00000)
  object space 84992K, 26% used [0x00000000c0000000,0x00000000c163eb08,0x00000000c5300000)
 Metaspace       used 6368K, capacity 7192K, committed 7424K, reserved 1056768K
  class space    used 617K, capacity 656K, committed 768K, reserved 1048576K

Deoptimization events (10 events):
Event: 1,706 Thread 0x00007f99581bf800 Uncommon trap: reason=unstable_if action=reinterpret pc=0x00007f994920ed9c method=com.android.dx.rop.cst.Constant.compareTo(Lcom/android/dx/rop/cst/Constant;)I @ 12
Event: 1,931 Thread 0x00007f99581c0800 Uncommon trap: reason=bimorphic action=maybe_recompile pc=0x00007f9949381184 method=java.util.HashMap.putVal(ILjava/lang/Object;Ljava/lang/Object;ZZ)Ljava/lang/Object; @ 203
Event: 1,950 Thread 0x00007f99581bb000 Uncommon trap: reason=unstable_if action=reinterpret pc=0x00007f9949291c40 method=java.util.HashMap.putVal(ILjava/lang/Object;Ljava/lang/Object;ZZ)Ljava/lang/Object; @ 162
Event: 1,964 Thread 0x00007f99581c0800 Uncommon trap: reason=unstable_if action=reinterpret pc=0x00007f9949225474 method=java.util.HashMap.getNode(ILjava/lang/Object;)Ljava/util/HashMap$Node; @ 84
Event: 2,265 Thread 0x00007f99581bf800 Uncommon trap: reason=unstable_if action=reinterpret pc=0x00007f9949308e04 method=com.android.dx.util.IntList.binarysearch(I)I @ 105
Event: 2,423 Thread 0x00007f99581bb000 Uncommon trap: reason=unstable_if action=reinterpret pc=0x00007f994938047c method=com.android.dx.ssa.SsaMethod.updateOneDefinition(Lcom/android/dx/ssa/SsaInsn;Lcom/android/dx/rop/code/RegisterSpec;)V @ 4
Event: 2,455 Thread 0x00007f995800a000 Uncommon trap: reason=unstable_if action=reinterpret pc=0x00007f9949227c64 method=com.android.dx.rop.code.RegisterSpec.equals(ILcom/android/dx/rop/type/TypeBearer;Lcom/android/dx/rop/code/LocalItem;)Z @ 42
Event: 2,960 Thread 0x00007f995800a000 Uncommon trap: reason=unstable_if action=reinterpret pc=0x00007f9949381114 method=java.util.HashMap.putVal(ILjava/lang/Object;Ljava/lang/Object;ZZ)Ljava/lang/Object; @ 109
Event: 3,720 Thread 0x00007f99581c2000 Uncommon trap: reason=unstable_if action=reinterpret pc=0x00007f9949460c74 method=com.android.dx.ssa.SCCP.simulateStmt(Lcom/android/dx/ssa/SsaInsn;)V @ 59
Event: 4,104 Thread 0x00007f99581c2000 Uncommon trap: reason=unstable_if action=reinterpret pc=0x00007f99494d6fe8 method=com.android.dx.ssa.SCCP.simulateBranch(Lcom/android/dx/ssa/SsaInsn;)V @ 548

Internal exceptions (6 events):
Event: 0,098 Thread 0x00007f995800a000 Exception <a 'java/lang/NoSuchMethodError': Method sun.misc.Unsafe.defineClass(Ljava/lang/String;[BII)Ljava/lang/Class; name or signature does not match> (0x00000000eab07cc0) thrown at [/HUDSON/workspace/8-2-build-linux-amd64/jdk8u91/6644/hotspot/src/shar
Event: 0,098 Thread 0x00007f995800a000 Exception <a 'java/lang/NoSuchMethodError': Method sun.misc.Unsafe.prefetchRead(Ljava/lang/Object;J)V name or signature does not match> (0x00000000eab07fa8) thrown at [/HUDSON/workspace/8-2-build-linux-amd64/jdk8u91/6644/hotspot/src/share/vm/prims/jni.cpp
Event: 1,273 Thread 0x00007f99581bf800 Implicit null exception at 0x00007f99492b7d7d to 0x00007f99492bae15
Event: 1,951 Thread 0x00007f99581bb000 Exception <a 'java/lang/ArrayIndexOutOfBoundsException': 18> (0x00000000ec8a91d8) thrown at [/HUDSON/workspace/8-2-build-linux-amd64/jdk8u91/6644/hotspot/src/share/vm/interpreter/interpreterRuntime.cpp, line 366]
Event: 1,951 Thread 0x00007f99581bb000 Exception <a 'java/lang/ArrayIndexOutOfBoundsException': 145> (0x00000000ec8aad58) thrown at [/HUDSON/workspace/8-2-build-linux-amd64/jdk8u91/6644/hotspot/src/share/vm/interpreter/interpreterRuntime.cpp, line 366]
Event: 1,952 Thread 0x00007f99581bb000 Exception <a 'java/lang/ArrayIndexOutOfBoundsException': 40> (0x00000000ec8ac040) thrown at [/HUDSON/workspace/8-2-build-linux-amd64/jdk8u91/6644/hotspot/src/share/vm/interpreter/interpreterRuntime.cpp, line 366]

Events (10 events):
Event: 4,104 Thread 0x00007f99581c2000 DEOPT UNPACKING pc=0x00007f9949005229 sp=0x00007f9940fb9c48 mode 2
Event: 4,159 Thread 0x00007f99581bb000 DEOPT PACKING pc=0x00007f994942562c sp=0x00007f99413be100
Event: 4,159 Thread 0x00007f99581bb000 DEOPT UNPACKING pc=0x00007f9949047633 sp=0x00007f99413bde00 mode 0
Event: 4,226 Executing VM operation: EnableBiasedLocking
Event: 4,249 Executing VM operation: EnableBiasedLocking done
Event: 4,309 Thread 0x00007f99581bb000 DEOPT PACKING pc=0x00007f994942562c sp=0x00007f99413be080
Event: 4,309 Thread 0x00007f99581bb000 DEOPT UNPACKING pc=0x00007f9949047633 sp=0x00007f99413bdd80 mode 0
Event: 4,349 Thread 0x00007f99581bb000 Thread exited: 0x00007f99581bb000
Event: 4,371 Thread 0x00007f99581c0800 Thread exited: 0x00007f99581c0800
Event: 4,442 Executing VM operation: ParallelGCFailedAllocation


Dynamic libraries:
00400000-00401000 r-xp 00000000 08:01 9839507                            /usr/lib/jvm/java-8-oracle/bin/java
00600000-00601000 rw-p 00000000 08:01 9839507                            /usr/lib/jvm/java-8-oracle/bin/java
01aee000-01b0f000 rw-p 00000000 00:00 0                                  [heap]
c0000000-c5300000 rw-p 00000000 00:00 0 
c5300000-eab00000 ---p 00000000 00:00 0 
eab00000-f3100000 rw-p 00000000 00:00 0 
fd200000-100000000 ---p 00000000 00:00 0 
100000000-1000c0000 rw-p 00000000 00:00 0 
1000c0000-140000000 ---p 00000000 00:00 0 
7f98dc000000-7f98dc03d000 rw-p 00000000 00:00 0 
7f98dc03d000-7f98e0000000 ---p 00000000 00:00 0 
7f98e4000000-7f98e4032000 rw-p 00000000 00:00 0 
7f98e4032000-7f98e8000000 ---p 00000000 00:00 0 
7f98e8000000-7f98e8021000 rw-p 00000000 00:00 0 
7f98e8021000-7f98ec000000 ---p 00000000 00:00 0 
7f98ec000000-7f98ec028000 rw-p 00000000 00:00 0 
7f98ec028000-7f98f0000000 ---p 00000000 00:00 0 
7f98f0000000-7f98f0021000 rw-p 00000000 00:00 0 
7f98f0021000-7f98f4000000 ---p 00000000 00:00 0 
7f98f4000000-7f98f4021000 rw-p 00000000 00:00 0 
7f98f4021000-7f98f8000000 ---p 00000000 00:00 0 
7f98f8000000-7f98f8021000 rw-p 00000000 00:00 0 
7f98f8021000-7f98fc000000 ---p 00000000 00:00 0 
7f98fc000000-7f98fcc4d000 rw-p 00000000 00:00 0 
7f98fcc4d000-7f9900000000 ---p 00000000 00:00 0 
7f9900000000-7f9900b9b000 rw-p 00000000 00:00 0 
7f9900b9b000-7f9904000000 ---p 00000000 00:00 0 
7f9904000000-7f9904dcd000 rw-p 00000000 00:00 0 
7f9904dcd000-7f9908000000 ---p 00000000 00:00 0 
7f9908000000-7f99090f6000 rw-p 00000000 00:00 0 
7f99090f6000-7f990c000000 ---p 00000000 00:00 0 
7f990c000000-7f990c021000 rw-p 00000000 00:00 0 
7f990c021000-7f9910000000 ---p 00000000 00:00 0 
7f9910000000-7f9910021000 rw-p 00000000 00:00 0 
7f9910021000-7f9914000000 ---p 00000000 00:00 0 
7f9914000000-7f991428f000 rw-p 00000000 00:00 0 
7f991428f000-7f9918000000 ---p 00000000 00:00 0 
7f9918000000-7f9918021000 rw-p 00000000 00:00 0 
7f9918021000-7f991c000000 ---p 00000000 00:00 0 
7f991c000000-7f991c021000 rw-p 00000000 00:00 0 
7f991c021000-7f9920000000 ---p 00000000 00:00 0 
7f9920000000-7f9920021000 rw-p 00000000 00:00 0 
7f9920021000-7f9924000000 ---p 00000000 00:00 0 
7f9924000000-7f9924021000 rw-p 00000000 00:00 0 
7f9924021000-7f9928000000 ---p 00000000 00:00 0 
7f992c000000-7f992c021000 rw-p 00000000 00:00 0 
7f992c021000-7f9930000000 ---p 00000000 00:00 0 
7f9930000000-7f9930021000 rw-p 00000000 00:00 0 
7f9930021000-7f9934000000 ---p 00000000 00:00 0 
7f9934000000-7f9934021000 rw-p 00000000 00:00 0 
7f9934021000-7f9938000000 ---p 00000000 00:00 0 
7f993c000000-7f993c021000 rw-p 00000000 00:00 0 
7f993c021000-7f9940000000 ---p 00000000 00:00 0 
7f9940ebb000-7f9940ebe000 ---p 00000000 00:00 0 
7f9940ebe000-7f9940fbc000 rw-p 00000000 00:00 0 
7f9940fbc000-7f9940fbf000 ---p 00000000 00:00 0 
7f9940fbf000-7f99410bd000 rw-p 00000000 00:00 0 
7f99410bd000-7f99410c0000 ---p 00000000 00:00 0 
7f99410c0000-7f99411be000 rw-p 00000000 00:00 0 
7f99411be000-7f99411c1000 ---p 00000000 00:00 0 
7f99411c1000-7f99412bf000 rw-p 00000000 00:00 0 
7f99412bf000-7f99412c2000 ---p 00000000 00:00 0 
7f99412c2000-7f99413c0000 rw-p 00000000 00:00 0 
7f99413c0000-7f99413c1000 ---p 00000000 00:00 0 
7f99413c1000-7f99414c1000 rw-p 00000000 00:00 0 
7f99414c1000-7f99414c4000 ---p 00000000 00:00 0 
7f99414c4000-7f99415c2000 rw-p 00000000 00:00 0 
7f99415c2000-7f99415c5000 ---p 00000000 00:00 0 
7f99415c5000-7f99416c3000 rw-p 00000000 00:00 0 
7f99416c3000-7f99416c6000 ---p 00000000 00:00 0 
7f99416c6000-7f99417c4000 rw-p 00000000 00:00 0 
7f99417c4000-7f99417c7000 ---p 00000000 00:00 0 
7f99417c7000-7f99418c5000 rw-p 00000000 00:00 0 
7f99418c5000-7f99418c8000 ---p 00000000 00:00 0 
7f99418c8000-7f99419c6000 rw-p 00000000 00:00 0 
7f99419c6000-7f99419c9000 ---p 00000000 00:00 0 
7f99419c9000-7f9941ac7000 rw-p 00000000 00:00 0 
7f9941ac7000-7f9941eff000 r--p 00000000 08:01 9700768                    /usr/lib/locale/locale-archive
7f9941eff000-7f9941f02000 ---p 00000000 00:00 0 
7f9941f02000-7f9944000000 rw-p 00000000 00:00 0 
7f9944000000-7f9944021000 rw-p 00000000 00:00 0 
7f9944021000-7f9948000000 ---p 00000000 00:00 0 
7f9948092000-7f99480af000 r--p 00000000 08:01 11012338                   /usr/share/locale-langpack/tr/LC_MESSAGES/libc.mo
7f99480af000-7f99480b2000 ---p 00000000 00:00 0 
7f99480b2000-7f99481b0000 rw-p 00000000 00:00 0 
7f99481b0000-7f99481b1000 ---p 00000000 00:00 0 
7f99481b1000-7f9949000000 rw-p 00000000 00:00 0 
7f9949000000-7f99496b0000 rwxp 00000000 00:00 0 
7f99496b0000-7f9958000000 ---p 00000000 00:00 0 
7f9958000000-7f99583af000 rw-p 00000000 00:00 0 
7f99583af000-7f995c000000 ---p 00000000 00:00 0 
7f995c002000-7f995c009000 r--s 00000000 08:01 10092992                   /usr/lib/x86_64-linux-gnu/gconv/gconv-modules.cache
7f995c009000-7f995c018000 r--s 000df000 08:01 5246091                    /home/oguz/Android/Sdk/build-tools/23.0.3/lib/dx.jar
7f995c018000-7f995cf0d000 rw-p 00000000 00:00 0 
7f995cf0d000-7f995d0e6000 r--s 03d1f000 08:01 9967487                    /usr/lib/jvm/java-8-oracle/jre/lib/rt.jar
7f995d0e6000-7f995d7dc000 rw-p 00000000 00:00 0 
7f995d7dc000-7f995d95c000 ---p 00000000 00:00 0 
7f995d95c000-7f995db5c000 rw-p 00000000 00:00 0 
7f995db5c000-7f995db5d000 ---p 00000000 00:00 0 
7f995db5d000-7f995dc5d000 rw-p 00000000 00:00 0 
7f995dc5d000-7f995dc5e000 ---p 00000000 00:00 0 
7f995dc5e000-7f995dd5e000 rw-p 00000000 00:00 0 
7f995dd5e000-7f995dd5f000 ---p 00000000 00:00 0 
7f995dd5f000-7f995de5f000 rw-p 00000000 00:00 0 
7f995de5f000-7f995de60000 ---p 00000000 00:00 0 
7f995de60000-7f995df60000 rw-p 00000000 00:00 0 
7f995df60000-7f995df61000 ---p 00000000 00:00 0 
7f995df61000-7f995e061000 rw-p 00000000 00:00 0 
7f995e061000-7f995e062000 ---p 00000000 00:00 0 
7f995e062000-7f995e162000 rw-p 00000000 00:00 0 
7f995e162000-7f995e163000 ---p 00000000 00:00 0 
7f995e163000-7f995e263000 rw-p 00000000 00:00 0 
7f995e263000-7f995e264000 ---p 00000000 00:00 0 
7f995e264000-7f995e38e000 rw-p 00000000 00:00 0 
7f995e38e000-7f995e4ba000 ---p 00000000 00:00 0 
7f995e4ba000-7f995e4e4000 rw-p 00000000 00:00 0 
7f995e4e4000-7f995e60f000 ---p 00000000 00:00 0 
7f995e60f000-7f995e653000 rw-p 00000000 00:00 0 
7f995e653000-7f995e6ba000 ---p 00000000 00:00 0 
7f995e6ba000-7f995e6d6000 rw-p 00000000 00:00 0 
7f995e6d6000-7f995ea7b000 ---p 00000000 00:00 0 
7f995ea7b000-7f995ea95000 r-xp 00000000 08:01 10092954                   /usr/lib/jvm/java-8-oracle/jre/lib/amd64/libzip.so
7f995ea95000-7f995ec95000 ---p 0001a000 08:01 10092954                   /usr/lib/jvm/java-8-oracle/jre/lib/amd64/libzip.so
7f995ec95000-7f995ec96000 rw-p 0001a000 08:01 10092954                   /usr/lib/jvm/java-8-oracle/jre/lib/amd64/libzip.so
7f995ec96000-7f995eca1000 r-xp 00000000 08:01 7603299                    /lib/x86_64-linux-gnu/libnss_files-2.23.so
7f995eca1000-7f995eea0000 ---p 0000b000 08:01 7603299                    /lib/x86_64-linux-gnu/libnss_files-2.23.so
7f995eea0000-7f995eea1000 r--p 0000a000 08:01 7603299                    /lib/x86_64-linux-gnu/libnss_files-2.23.so
7f995eea1000-7f995eea2000 rw-p 0000b000 08:01 7603299                    /lib/x86_64-linux-gnu/libnss_files-2.23.so
7f995eea2000-7f995eea8000 rw-p 00000000 00:00 0 
7f995eea8000-7f995eeb3000 r-xp 00000000 08:01 7603296                    /lib/x86_64-linux-gnu/libnss_nis-2.23.so
7f995eeb3000-7f995f0b2000 ---p 0000b000 08:01 7603296                    /lib/x86_64-linux-gnu/libnss_nis-2.23.so
7f995f0b2000-7f995f0b3000 r--p 0000a000 08:01 7603296                    /lib/x86_64-linux-gnu/libnss_nis-2.23.so
7f995f0b3000-7f995f0b4000 rw-p 0000b000 08:01 7603296                    /lib/x86_64-linux-gnu/libnss_nis-2.23.so
7f995f0b4000-7f995f0ca000 r-xp 00000000 08:01 7603294                    /lib/x86_64-linux-gnu/libnsl-2.23.so
7f995f0ca000-7f995f2ca000 ---p 00016000 08:01 7603294                    /lib/x86_64-linux-gnu/libnsl-2.23.so
7f995f2ca000-7f995f2cb000 r--p 00016000 08:01 7603294                    /lib/x86_64-linux-gnu/libnsl-2.23.so
7f995f2cb000-7f995f2cc000 rw-p 00017000 08:01 7603294                    /lib/x86_64-linux-gnu/libnsl-2.23.so
7f995f2cc000-7f995f2ce000 rw-p 00000000 00:00 0 
7f995f2ce000-7f995f2d6000 r-xp 00000000 08:01 7603292                    /lib/x86_64-linux-gnu/libnss_compat-2.23.so
7f995f2d6000-7f995f4d5000 ---p 00008000 08:01 7603292                    /lib/x86_64-linux-gnu/libnss_compat-2.23.so
7f995f4d5000-7f995f4d6000 r--p 00007000 08:01 7603292                    /lib/x86_64-linux-gnu/libnss_compat-2.23.so
7f995f4d6000-7f995f4d7000 rw-p 00008000 08:01 7603292                    /lib/x86_64-linux-gnu/libnss_compat-2.23.so
7f995f4d7000-7f995f501000 r-xp 00000000 08:01 10092949                   /usr/lib/jvm/java-8-oracle/jre/lib/amd64/libjava.so
7f995f501000-7f995f701000 ---p 0002a000 08:01 10092949                   /usr/lib/jvm/java-8-oracle/jre/lib/amd64/libjava.so
7f995f701000-7f995f703000 rw-p 0002a000 08:01 10092949                   /usr/lib/jvm/java-8-oracle/jre/lib/amd64/libjava.so
7f995f703000-7f995f710000 r-xp 00000000 08:01 10092953                   /usr/lib/jvm/java-8-oracle/jre/lib/amd64/libverify.so
7f995f710000-7f995f910000 ---p 0000d000 08:01 10092953                   /usr/lib/jvm/java-8-oracle/jre/lib/amd64/libverify.so
7f995f910000-7f995f912000 rw-p 0000d000 08:01 10092953                   /usr/lib/jvm/java-8-oracle/jre/lib/amd64/libverify.so
7f995f912000-7f995f919000 r-xp 00000000 08:01 7603308                    /lib/x86_64-linux-gnu/librt-2.23.so
7f995f919000-7f995fb18000 ---p 00007000 08:01 7603308                    /lib/x86_64-linux-gnu/librt-2.23.so
7f995fb18000-7f995fb19000 r--p 00006000 08:01 7603308                    /lib/x86_64-linux-gnu/librt-2.23.so
7f995fb19000-7f995fb1a000 rw-p 00007000 08:01 7603308                    /lib/x86_64-linux-gnu/librt-2.23.so
7f995fb1a000-7f995fc22000 r-xp 00000000 08:01 7603305                    /lib/x86_64-linux-gnu/libm-2.23.so
7f995fc22000-7f995fe21000 ---p 00108000 08:01 7603305                    /lib/x86_64-linux-gnu/libm-2.23.so
7f995fe21000-7f995fe22000 r--p 00107000 08:01 7603305                    /lib/x86_64-linux-gnu/libm-2.23.so
7f995fe22000-7f995fe23000 rw-p 00108000 08:01 7603305                    /lib/x86_64-linux-gnu/libm-2.23.so
7f995fe23000-7f9960ae3000 r-xp 00000000 08:01 10092932                   /usr/lib/jvm/java-8-oracle/jre/lib/amd64/server/libjvm.so
7f9960ae3000-7f9960ce3000 ---p 00cc0000 08:01 10092932                   /usr/lib/jvm/java-8-oracle/jre/lib/amd64/server/libjvm.so
7f9960ce3000-7f9960dbb000 rw-p 00cc0000 08:01 10092932                   /usr/lib/jvm/java-8-oracle/jre/lib/amd64/server/libjvm.so
7f9960dbb000-7f9960e06000 rw-p 00000000 00:00 0 
7f9960e06000-7f9960fc6000 r-xp 00000000 08:01 7603313                    /lib/x86_64-linux-gnu/libc-2.23.so
7f9960fc6000-7f99611c6000 ---p 001c0000 08:01 7603313                    /lib/x86_64-linux-gnu/libc-2.23.so
7f99611c6000-7f99611ca000 r--p 001c0000 08:01 7603313                    /lib/x86_64-linux-gnu/libc-2.23.so
7f99611ca000-7f99611cc000 rw-p 001c4000 08:01 7603313                    /lib/x86_64-linux-gnu/libc-2.23.so
7f99611cc000-7f99611d0000 rw-p 00000000 00:00 0 
7f99611d0000-7f99611d3000 r-xp 00000000 08:01 7603314                    /lib/x86_64-linux-gnu/libdl-2.23.so
7f99611d3000-7f99613d2000 ---p 00003000 08:01 7603314                    /lib/x86_64-linux-gnu/libdl-2.23.so
7f99613d2000-7f99613d3000 r--p 00002000 08:01 7603314                    /lib/x86_64-linux-gnu/libdl-2.23.so
7f99613d3000-7f99613d4000 rw-p 00003000 08:01 7603314                    /lib/x86_64-linux-gnu/libdl-2.23.so
7f99613d4000-7f99613e9000 r-xp 00000000 08:01 9840182                    /usr/lib/jvm/java-8-oracle/lib/amd64/jli/libjli.so
7f99613e9000-7f99615e9000 ---p 00015000 08:01 9840182                    /usr/lib/jvm/java-8-oracle/lib/amd64/jli/libjli.so
7f99615e9000-7f99615ea000 rw-p 00015000 08:01 9840182                    /usr/lib/jvm/java-8-oracle/lib/amd64/jli/libjli.so
7f99615ea000-7f9961602000 r-xp 00000000 08:01 7603312                    /lib/x86_64-linux-gnu/libpthread-2.23.so
7f9961602000-7f9961801000 ---p 00018000 08:01 7603312                    /lib/x86_64-linux-gnu/libpthread-2.23.so
7f9961801000-7f9961802000 r--p 00017000 08:01 7603312                    /lib/x86_64-linux-gnu/libpthread-2.23.so
7f9961802000-7f9961803000 rw-p 00018000 08:01 7603312                    /lib/x86_64-linux-gnu/libpthread-2.23.so
7f9961803000-7f9961807000 rw-p 00000000 00:00 0 
7f9961807000-7f996182d000 r-xp 00000000 08:01 7603309                    /lib/x86_64-linux-gnu/ld-2.23.so
7f9961833000-7f9961905000 rw-p 00000000 00:00 0 
7f9961905000-7f9961908000 ---p 00000000 00:00 0 
7f9961908000-7f9961a0a000 rw-p 00000000 00:00 0 
7f9961a0c000-7f9961a20000 rw-p 00000000 00:00 0 
7f9961a20000-7f9961a28000 rw-s 00000000 08:01 161045                     /tmp/hsperfdata_oguz/16147
7f9961a28000-7f9961a29000 rw-p 00000000 00:00 0 
7f9961a29000-7f9961a2a000 ---p 00000000 00:00 0 
7f9961a2a000-7f9961a2c000 rw-p 00000000 00:00 0 
7f9961a2c000-7f9961a2d000 r--p 00025000 08:01 7603309                    /lib/x86_64-linux-gnu/ld-2.23.so
7f9961a2d000-7f9961a2e000 rw-p 00026000 08:01 7603309                    /lib/x86_64-linux-gnu/ld-2.23.so
7f9961a2e000-7f9961a2f000 rw-p 00000000 00:00 0 
7ffc3724c000-7ffc3726d000 rw-p 00000000 00:00 0                          [stack]
7ffc37281000-7ffc37283000 r--p 00000000 00:00 0                          [vvar]
7ffc37283000-7ffc37285000 r-xp 00000000 00:00 0                          [vdso]
ffffffffff600000-ffffffffff601000 r-xp 00000000 00:00 0                  [vsyscall]

VM Arguments:
jvm_args: -Djava.awt.headless=true -Xmx1024M -Dfile.encoding=UTF-8 -Duser.country=TR -Duser.language=tr -Duser.variant 
java_command: com.android.dx.command.Main --dex --force-jumbo --num-threads=4 --multi-dex --output /home/oguz/AndroidStudioProjects/FomApplicationAndroid-master/app/build/intermediates/transforms/dex/debug/folders/1000/10/com.android.support-appcompat-v7-22.2.0_519b40eb6680e9ba9d2c5cdbf7dd14cc7961c3b8 /home/oguz/AndroidStudioProjects/FomApplicationAndroid-master/app/build/intermediates/exploded-aar/com.android.support/appcompat-v7/22.2.0/jars/classes.jar
java_class_path (initial): /home/oguz/Android/Sdk/build-tools/23.0.3/lib/dx.jar
Launcher Type: SUN_STANDARD

Environment Variables:
PATH=/usr/local/sbin:/usr/local/bin:/usr/sbin:/usr/bin:/sbin:/bin:/usr/games:/usr/local/games:/snap/bin
LD_LIBRARY_PATH=/home/oguz/Masaüstü/Derleyiciler/android-studio/bin:
SHELL=/bin/bash
DISPLAY=:0

Signal Handlers:
SIGSEGV: [libjvm.so+0xabca10], sa_mask[0]=11111111011111111101111111111110, sa_flags=SA_RESTART|SA_SIGINFO
SIGBUS: [libjvm.so+0xabca10], sa_mask[0]=11111111011111111101111111111110, sa_flags=SA_RESTART|SA_SIGINFO
SIGFPE: [libjvm.so+0x919a20], sa_mask[0]=11111111011111111101111111111110, sa_flags=SA_RESTART|SA_SIGINFO
SIGPIPE: [libjvm.so+0x919a20], sa_mask[0]=11111111011111111101111111111110, sa_flags=SA_RESTART|SA_SIGINFO
SIGXFSZ: [libjvm.so+0x919a20], sa_mask[0]=11111111011111111101111111111110, sa_flags=SA_RESTART|SA_SIGINFO
SIGILL: [libjvm.so+0x919a20], sa_mask[0]=11111111011111111101111111111110, sa_flags=SA_RESTART|SA_SIGINFO
SIGUSR1: SIG_DFL, sa_mask[0]=00000000000000000000000000000000, sa_flags=none
SIGUSR2: [libjvm.so+0x91b050], sa_mask[0]=00100000000000000000000000000000, sa_flags=SA_RESTART|SA_SIGINFO
SIGHUP: [libjvm.so+0x91c450], sa_mask[0]=11111111011111111101111111111110, sa_flags=SA_RESTART|SA_SIGINFO
SIGINT: [libjvm.so+0x91c450], sa_mask[0]=11111111011111111101111111111110, sa_flags=SA_RESTART|SA_SIGINFO
SIGTERM: [libjvm.so+0x91c450], sa_mask[0]=11111111011111111101111111111110, sa_flags=SA_RESTART|SA_SIGINFO
SIGQUIT: [libjvm.so+0x91c450], sa_mask[0]=11111111011111111101111111111110, sa_flags=SA_RESTART|SA_SIGINFO


---------------  S Y S T E M  ---------------

OS:DISTRIB_ID=Ubuntu
DISTRIB_RELEASE=16.04
DISTRIB_CODENAME=xenial
DISTRIB_DESCRIPTION="Ubuntu Xenial Xerus (development branch)"

uname:Linux 4.4.0-22-generic #39-Ubuntu SMP Thu May 5 16:53:32 UTC 2016 x86_64
libc:glibc 2.23 NPTL 2.23 
rlimit: STACK 8192k, CORE 0k, NPROC 31498, NOFILE 65536, AS infinity
load average:3,39 1,71 0,92

/proc/meminfo:
MemTotal:        8101800 kB
MemFree:           65152 kB
MemAvailable:     136252 kB
Buffers:            1656 kB
Cached:           421692 kB
SwapCached:            0 kB
Active:          7442000 kB
Inactive:         377216 kB
Active(anon):    7418264 kB
Inactive(anon):   335888 kB
Active(file):      23736 kB
Inactive(file):    41328 kB
Unevictable:          88 kB
Mlocked:              88 kB
SwapTotal:             0 kB
SwapFree:              0 kB
Dirty:               324 kB
Writeback:             0 kB
AnonPages:       7396904 kB
Mapped:           124884 kB
Shmem:            357184 kB
Slab:              98912 kB
SReclaimable:      48408 kB
SUnreclaim:        50504 kB
KernelStack:       17328 kB
PageTables:        54080 kB
NFS_Unstable:          0 kB
Bounce:                0 kB
WritebackTmp:          0 kB
CommitLimit:     4050900 kB
Committed_AS:   12594292 kB
VmallocTotal:   34359738367 kB
VmallocUsed:           0 kB
VmallocChunk:          0 kB
HardwareCorrupted:     0 kB
AnonHugePages:   4591616 kB
CmaTotal:              0 kB
CmaFree:               0 kB
HugePages_Total:       0
HugePages_Free:        0
HugePages_Rsvd:        0
HugePages_Surp:        0
Hugepagesize:       2048 kB
DirectMap4k:      170752 kB
DirectMap2M:     7096320 kB
DirectMap1G:     2097152 kB


CPU:total 8 (4 cores per cpu, 2 threads per core) family 6 model 60 stepping 3, cmov, cx8, fxsr, mmx, sse, sse2, sse3, ssse3, sse4.1, sse4.2, popcnt, avx, avx2, aes, clmul, erms, lzcnt, ht, tsc, tscinvbit, bmi1, bmi2

/proc/cpuinfo:
processor	: 0
vendor_id	: GenuineIntel
cpu family	: 6
model		: 60
model name	: Intel(R) Core(TM) i7-4700MQ CPU @ 2.40GHz
stepping	: 3
microcode	: 0x16
cpu MHz		: 1599.937
cache size	: 6144 KB
physical id	: 0
siblings	: 8
core id		: 0
cpu cores	: 4
apicid		: 0
initial apicid	: 0
fpu		: yes
fpu_exception	: yes
cpuid level	: 13
wp		: yes
flags		: fpu vme de pse tsc msr pae mce cx8 apic sep mtrr pge mca cmov pat pse36 clflush dts acpi mmx fxsr sse sse2 ss ht tm pbe syscall nx pdpe1gb rdtscp lm constant_tsc arch_perfmon pebs bts rep_good nopl xtopology nonstop_tsc aperfmperf eagerfpu pni pclmulqdq dtes64 monitor ds_cpl vmx est tm2 ssse3 sdbg fma cx16 xtpr pdcm pcid sse4_1 sse4_2 movbe popcnt tsc_deadline_timer aes xsave avx f16c rdrand lahf_lm abm epb tpr_shadow vnmi flexpriority ept vpid fsgsbase tsc_adjust bmi1 avx2 smep bmi2 erms invpcid xsaveopt dtherm ida arat pln pts
bugs		:
bogomips	: 4789.17
clflush size	: 64
cache_alignment	: 64
address sizes	: 39 bits physical, 48 bits virtual
power management:

processor	: 1
vendor_id	: GenuineIntel
cpu family	: 6
model		: 60
model name	: Intel(R) Core(TM) i7-4700MQ CPU @ 2.40GHz
stepping	: 3
microcode	: 0x16
cpu MHz		: 1599.937
cache size	: 6144 KB
physical id	: 0
siblings	: 8
core id		: 0
cpu cores	: 4
apicid		: 1
initial apicid	: 1
fpu		: yes
fpu_exception	: yes
cpuid level	: 13
wp		: yes
flags		: fpu vme de pse tsc msr pae mce cx8 apic sep mtrr pge mca cmov pat pse36 clflush dts acpi mmx fxsr sse sse2 ss ht tm pbe syscall nx pdpe1gb rdtscp lm constant_tsc arch_perfmon pebs bts rep_good nopl xtopology nonstop_tsc aperfmperf eagerfpu pni pclmulqdq dtes64 monitor ds_cpl vmx est tm2 ssse3 sdbg fma cx16 xtpr pdcm pcid sse4_1 sse4_2 movbe popcnt tsc_deadline_timer aes xsave avx f16c rdrand lahf_lm abm epb tpr_shadow vnmi flexpriority ept vpid fsgsbase tsc_adjust bmi1 avx2 smep bmi2 erms invpcid xsaveopt dtherm ida arat pln pts
bugs		:
bogomips	: 4789.17
clflush size	: 64
cache_alignment	: 64
address sizes	: 39 bits physical, 48 bits virtual
power management:

processor	: 2
vendor_id	: GenuineIntel
cpu family	: 6
model		: 60
model name	: Intel(R) Core(TM) i7-4700MQ CPU @ 2.40GHz
stepping	: 3
microcode	: 0x16
cpu MHz		: 1599.937
cache size	: 6144 KB
physical id	: 0
siblings	: 8
core id		: 1
cpu cores	: 4
apicid		: 2
initial apicid	: 2
fpu		: yes
fpu_exception	: yes
cpuid level	: 13
wp		: yes
flags		: fpu vme de pse tsc msr pae mce cx8 apic sep mtrr pge mca cmov pat pse36 clflush dts acpi mmx fxsr sse sse2 ss ht tm pbe syscall nx pdpe1gb rdtscp lm constant_tsc arch_perfmon pebs bts rep_good nopl xtopology nonstop_tsc aperfmperf eagerfpu pni pclmulqdq dtes64 monitor ds_cpl vmx est tm2 ssse3 sdbg fma cx16 xtpr pdcm pcid sse4_1 sse4_2 movbe popcnt tsc_deadline_timer aes xsave avx f16c rdrand lahf_lm abm epb tpr_shadow vnmi flexpriority ept vpid fsgsbase tsc_adjust bmi1 avx2 smep bmi2 erms invpcid xsaveopt dtherm ida arat pln pts
bugs		:
bogomips	: 4789.17
clflush size	: 64
cache_alignment	: 64
address sizes	: 39 bits physical, 48 bits virtual
power management:

processor	: 3
vendor_id	: GenuineIntel
cpu family	: 6
model		: 60
model name	: Intel(R) Core(TM) i7-4700MQ CPU @ 2.40GHz
stepping	: 3
microcode	: 0x16
cpu MHz		: 1599.937
cache size	: 6144 KB
physical id	: 0
siblings	: 8
core id		: 1
cpu cores	: 4
apicid		: 3
initial apicid	: 3
fpu		: yes
fpu_exception	: yes
cpuid level	: 13
wp		: yes
flags		: fpu vme de pse tsc msr pae mce cx8 apic sep mtrr pge mca cmov pat pse36 clflush dts acpi mmx fxsr sse sse2 ss ht tm pbe syscall nx pdpe1gb rdtscp lm constant_tsc arch_perfmon pebs bts rep_good nopl xtopology nonstop_tsc aperfmperf eagerfpu pni pclmulqdq dtes64 monitor ds_cpl vmx est tm2 ssse3 sdbg fma cx16 xtpr pdcm pcid sse4_1 sse4_2 movbe popcnt tsc_deadline_timer aes xsave avx f16c rdrand lahf_lm abm epb tpr_shadow vnmi flexpriority ept vpid fsgsbase tsc_adjust bmi1 avx2 smep bmi2 erms invpcid xsaveopt dtherm ida arat pln pts
bugs		:
bogomips	: 4789.17
clflush size	: 64
cache_alignment	: 64
address sizes	: 39 bits physical, 48 bits virtual
power management:

processor	: 4
vendor_id	: GenuineIntel
cpu family	: 6
model		: 60
model name	: Intel(R) Core(TM) i7-4700MQ CPU @ 2.40GHz
stepping	: 3
microcode	: 0x16
cpu MHz		: 1599.937
cache size	: 6144 KB
physical id	: 0
siblings	: 8
core id		: 2
cpu cores	: 4
apicid		: 4
initial apicid	: 4
fpu		: yes
fpu_exception	: yes
cpuid level	: 13
wp		: yes
flags		: fpu vme de pse tsc msr pae mce cx8 apic sep mtrr pge mca cmov pat pse36 clflush dts acpi mmx fxsr sse sse2 ss ht tm pbe syscall nx pdpe1gb rdtscp lm constant_tsc arch_perfmon pebs bts rep_good nopl xtopology nonstop_tsc aperfmperf eagerfpu pni pclmulqdq dtes64 monitor ds_cpl vmx est tm2 ssse3 sdbg fma cx16 xtpr pdcm pcid sse4_1 sse4_2 movbe popcnt tsc_deadline_timer aes xsave avx f16c rdrand lahf_lm abm epb tpr_shadow vnmi flexpriority ept vpid fsgsbase tsc_adjust bmi1 avx2 smep bmi2 erms invpcid xsaveopt dtherm ida arat pln pts
bugs		:
bogomips	: 4789.17
clflush size	: 64
cache_alignment	: 64
address sizes	: 39 bits physical, 48 bits virtual
power management:

processor	: 5
vendor_id	: GenuineIntel
cpu family	: 6
model		: 60
model name	: Intel(R) Core(TM) i7-4700MQ CPU @ 2.40GHz
stepping	: 3
microcode	: 0x16
cpu MHz		: 1599.937
cache size	: 6144 KB
physical id	: 0
siblings	: 8
core id		: 2
cpu cores	: 4
apicid		: 5
initial apicid	: 5
fpu		: yes
fpu_exception	: yes
cpuid level	: 13
wp		: yes
flags		: fpu vme de pse tsc msr pae mce cx8 apic sep mtrr pge mca cmov pat pse36 clflush dts acpi mmx fxsr sse sse2 ss ht tm pbe syscall nx pdpe1gb rdtscp lm constant_tsc arch_perfmon pebs bts rep_good nopl xtopology nonstop_tsc aperfmperf eagerfpu pni pclmulqdq dtes64 monitor ds_cpl vmx est tm2 ssse3 sdbg fma cx16 xtpr pdcm pcid sse4_1 sse4_2 movbe popcnt tsc_deadline_timer aes xsave avx f16c rdrand lahf_lm abm epb tpr_shadow vnmi flexpriority ept vpid fsgsbase tsc_adjust bmi1 avx2 smep bmi2 erms invpcid xsaveopt dtherm ida arat pln pts
bugs		:
bogomips	: 4789.17
clflush size	: 64
cache_alignment	: 64
address sizes	: 39 bits physical, 48 bits virtual
power management:

processor	: 6
vendor_id	: GenuineIntel
cpu family	: 6
model		: 60
model name	: Intel(R) Core(TM) i7-4700MQ CPU @ 2.40GHz
stepping	: 3
microcode	: 0x16
cpu MHz		: 1599.937
cache size	: 6144 KB
physical id	: 0
siblings	: 8
core id		: 3
cpu cores	: 4
apicid		: 6
initial apicid	: 6
fpu		: yes
fpu_exception	: yes
cpuid level	: 13
wp		: yes
flags		: fpu vme de pse tsc msr pae mce cx8 apic sep mtrr pge mca cmov pat pse36 clflush dts acpi mmx fxsr sse sse2 ss ht tm pbe syscall nx pdpe1gb rdtscp lm constant_tsc arch_perfmon pebs bts rep_good nopl xtopology nonstop_tsc aperfmperf eagerfpu pni pclmulqdq dtes64 monitor ds_cpl vmx est tm2 ssse3 sdbg fma cx16 xtpr pdcm pcid sse4_1 sse4_2 movbe popcnt tsc_deadline_timer aes xsave avx f16c rdrand lahf_lm abm epb tpr_shadow vnmi flexpriority ept vpid fsgsbase tsc_adjust bmi1 avx2 smep bmi2 erms invpcid xsaveopt dtherm ida arat pln pts
bugs		:
bogomips	: 4789.17
clflush size	: 64
cache_alignment	: 64
address sizes	: 39 bits physical, 48 bits virtual
power management:

processor	: 7
vendor_id	: GenuineIntel
cpu family	: 6
model		: 60
model name	: Intel(R) Core(TM) i7-4700MQ CPU @ 2.40GHz
stepping	: 3
microcode	: 0x16
cpu MHz		: 1599.937
cache size	: 6144 KB
physical id	: 0
siblings	: 8
core id		: 3
cpu cores	: 4
apicid		: 7
initial apicid	: 7
fpu		: yes
fpu_exception	: yes
cpuid level	: 13
wp		: yes
flags		: fpu vme de pse tsc msr pae mce cx8 apic sep mtrr pge mca cmov pat pse36 clflush dts acpi mmx fxsr sse sse2 ss ht tm pbe syscall nx pdpe1gb rdtscp lm constant_tsc arch_perfmon pebs bts rep_good nopl xtopology nonstop_tsc aperfmperf eagerfpu pni pclmulqdq dtes64 monitor ds_cpl vmx est tm2 ssse3 sdbg fma cx16 xtpr pdcm pcid sse4_1 sse4_2 movbe popcnt tsc_deadline_timer aes xsave avx f16c rdrand lahf_lm abm epb tpr_shadow vnmi flexpriority ept vpid fsgsbase tsc_adjust bmi1 avx2 smep bmi2 erms invpcid xsaveopt dtherm ida arat pln pts
bugs		:
bogomips	: 4789.17
clflush size	: 64
cache_alignment	: 64
address sizes	: 39 bits physical, 48 bits virtual
power management:



Memory: 4k page, physical 8101800k(64592k free), swap 0k(0k free)

vm_info: Java HotSpot(TM) 64-Bit Server VM (25.91-b14) for linux-amd64 JRE (1.8.0_91-b14), built on Apr  1 2016 00:57:21 by "java_re" with gcc 4.3.0 20080428 (Red Hat 4.3.0-8)

time: Mon Jul 25 14:02:10 2016
elapsed time: 4 seconds (0d 0h 0m 4s)

